Using pre-set license
Built from '2020.3/staging' branch; Version is '2020.3.23f1 (c5d91304a876) revision 12966163'; Using compiler version '192528614'; Build Type 'Release'
OS: 'Windows 10 Home; OS build 19043.1645; Version 2009; 64bit' Language: 'nl' Physical Memory: 16215 MB
BatchMode: 1, IsHumanControllingUs: 0, StartBugReporterOnCrash: 0, Is64bit: 1, IsPro: 0

COMMAND LINE ARGUMENTS:
C:\Users\Deon Lee\Unity\Unity Editors\2020.3.23f1\Editor\Unity.exe
-adb2
-batchMode
-noUpm
-name
AssetImportWorker0
-projectPath
C:/Users/Deon Lee/Unity/Unity Projects/Tank Wars
-logFile
Logs/AssetImportWorker0.log
-srvPort
53787
Successfully changed project path to: C:/Users/Deon Lee/Unity/Unity Projects/Tank Wars
C:/Users/Deon Lee/Unity/Unity Projects/Tank Wars
Using Asset Import Pipeline V2.
Refreshing native plugins compatible for Editor in 53.05 ms, found 2 plugins.
Preloading 0 native plugins for Editor in 0.00 ms.
Initialize engine version: 2020.3.23f1 (c5d91304a876)
[Subsystems] Discovering subsystems at path C:/Users/Deon Lee/Unity/Unity Editors/2020.3.23f1/Editor/Data/Resources/UnitySubsystems
[Subsystems] Discovering subsystems at path C:/Users/Deon Lee/Unity/Unity Projects/Tank Wars/Assets
GfxDevice: creating device client; threaded=0
Direct3D:
    Version:  Direct3D 11.0 [level 11.1]
    Renderer: NVIDIA GeForce RTX 2060 (ID=0x1f15)
    Vendor:   
    VRAM:     5980 MB
    Driver:   27.21.14.5167
Initialize mono
Mono path[0] = 'C:/Users/Deon Lee/Unity/Unity Editors/2020.3.23f1/Editor/Data/Managed'
Mono path[1] = 'C:/Users/Deon Lee/Unity/Unity Editors/2020.3.23f1/Editor/Data/MonoBleedingEdge/lib/mono/unityjit'
Mono config path = 'C:/Users/Deon Lee/Unity/Unity Editors/2020.3.23f1/Editor/Data/MonoBleedingEdge/etc'
Using monoOptions --debugger-agent=transport=dt_socket,embedding=1,server=y,suspend=n,address=127.0.0.1:56528
Begin MonoManager ReloadAssembly
Registering precompiled unity dll's ...
Register platform support module: C:/Users/Deon Lee/Unity/Unity Editors/2020.3.23f1/Editor/Data/PlaybackEngines/WindowsStandaloneSupport/UnityEditor.WindowsStandalone.Extensions.dll
Registered in 0.001902 seconds.
Native extension for WindowsStandalone target not found
Refreshing native plugins compatible for Editor in 51.82 ms, found 2 plugins.
Preloading 0 native plugins for Editor in 0.00 ms.
Mono: successfully reloaded assembly
- Completed reload, in  0.513 seconds
Domain Reload Profiling:
	ReloadAssembly (514ms)
		BeginReloadAssembly (51ms)
			ExecutionOrderSort (0ms)
			DisableScriptedObjects (0ms)
			BackupInstance (0ms)
			ReleaseScriptingObjects (0ms)
			CreateAndSetChildDomain (1ms)
		EndReloadAssembly (396ms)
			LoadAssemblies (48ms)
			RebuildTransferFunctionScriptingTraits (0ms)
			SetupTypeCache (123ms)
			ReleaseScriptCaches (0ms)
			RebuildScriptCaches (24ms)
			SetupLoadedEditorAssemblies (157ms)
				LogAssemblyErrors (0ms)
				InitializePlatformSupportModulesInManaged (4ms)
				SetLoadedEditorAssemblies (0ms)
				RefreshPlugins (52ms)
				BeforeProcessingInitializeOnLoad (14ms)
				ProcessInitializeOnLoadAttributes (65ms)
				ProcessInitializeOnLoadMethodAttributes (22ms)
				AfterProcessingInitializeOnLoad (0ms)
				EditorAssembliesLoaded (0ms)
			ExecutionOrderSort2 (0ms)
			AwakeInstancesAfterBackupRestoration (0ms)
Platform modules already initialized, skipping
Registering precompiled user dll's ...
Registered in 0.004587 seconds.
Begin MonoManager ReloadAssembly
Native extension for WindowsStandalone target not found
Refreshing native plugins compatible for Editor in 57.04 ms, found 2 plugins.
Preloading 0 native plugins for Editor in 0.00 ms.
Mono: successfully reloaded assembly
- Completed reload, in  1.079 seconds
Domain Reload Profiling:
	ReloadAssembly (1080ms)
		BeginReloadAssembly (127ms)
			ExecutionOrderSort (0ms)
			DisableScriptedObjects (4ms)
			BackupInstance (0ms)
			ReleaseScriptingObjects (0ms)
			CreateAndSetChildDomain (15ms)
		EndReloadAssembly (899ms)
			LoadAssemblies (79ms)
			RebuildTransferFunctionScriptingTraits (0ms)
			SetupTypeCache (325ms)
			ReleaseScriptCaches (0ms)
			RebuildScriptCaches (45ms)
			SetupLoadedEditorAssemblies (344ms)
				LogAssemblyErrors (0ms)
				InitializePlatformSupportModulesInManaged (4ms)
				SetLoadedEditorAssemblies (0ms)
				RefreshPlugins (57ms)
				BeforeProcessingInitializeOnLoad (91ms)
				ProcessInitializeOnLoadAttributes (176ms)
				ProcessInitializeOnLoadMethodAttributes (8ms)
				AfterProcessingInitializeOnLoad (7ms)
				EditorAssembliesLoaded (0ms)
			ExecutionOrderSort2 (0ms)
			AwakeInstancesAfterBackupRestoration (6ms)
Platform modules already initialized, skipping
========================================================================
Worker process is ready to serve import requests
Launched and connected shader compiler UnityShaderCompiler.exe after 0.06 seconds
Refreshing native plugins compatible for Editor in 0.58 ms, found 2 plugins.
Preloading 0 native plugins for Editor in 0.00 ms.
Unloading 2984 Unused Serialized files (Serialized files now loaded: 0)
System memory in use before: 143.9 MB.
System memory in use after: 144.1 MB.

Unloading 21 unused Assets to reduce memory usage. Loaded Objects now: 3440.
Total: 2.786000 ms (FindLiveObjects: 0.273500 ms CreateObjectMapping: 0.143800 ms MarkObjects: 2.255600 ms  DeleteObjects: 0.112400 ms)

AssetImportParameters requested are different than current active one (requested -> active):
  custom:framework-win-MediaFoundation: 216162199b28c13a410421893ffa2e32 -> 
  custom:video-decoder-ogg-theora: a1e56fd34408186e4bbccfd4996cb3dc -> 
  custom:container-muxer-webm: aa71ff27fc2769a1b78a27578f13a17b -> 
  custom:container-demuxer-webm: 4f35f7cbe854078d1ac9338744f61a02 -> 
  custom:container-demuxer-ogg: 62fdf1f143b41e24485cea50d1cbac27 -> 
  custom:video-encoder-webm-vp8: eb34c28f22e8b96e1ab97ce403110664 -> 
  custom:video-decoder-webm-vp8: 9c59270c3fd7afecdb556c50c9e8de78 -> 
  custom:audio-decoder-ogg-vorbis: bf7c407c2cedff20999df2af8eb42d56 -> 
  custom:audio-encoder-webm-vorbis: bf7c407c2cedff20999df2af8eb42d56 -> 
========================================================================
Received Import Request.
  path: Assets/6.Imports/RPG_FPS_game_assets_industrial/Fences/Concrete_fences/UNIConcrete_fences/UNIConcrete_fence_v1_end.prefab
  artifactKey: Guid(be5fbd779d793664582acd2f1cd23155) Importer(815301076,1909f56bfc062723c751e8b465ee728b)
Start importing Assets/6.Imports/RPG_FPS_game_assets_industrial/Fences/Concrete_fences/UNIConcrete_fences/UNIConcrete_fence_v1_end.prefab using Guid(be5fbd779d793664582acd2f1cd23155) Importer(815301076,1909f56bfc062723c751e8b465ee728b)  -> (artifact id: 'f1004bd8721cb93aa70f47f8aeaa7436') in 0.191894 seconds 
  Import took 0.196036 seconds .

========================================================================
Received Import Request.
  Time since last request: 0.000447 seconds.
  path: Assets/6.Imports/RPG_FPS_game_assets_industrial/Fences/Concrete_fences/UNIConcrete_fences/UNIConcrete_fence_v1_c1.prefab
  artifactKey: Guid(4c2f19328cc277844ba9164493cfd392) Importer(815301076,1909f56bfc062723c751e8b465ee728b)
Start importing Assets/6.Imports/RPG_FPS_game_assets_industrial/Fences/Concrete_fences/UNIConcrete_fences/UNIConcrete_fence_v1_c1.prefab using Guid(4c2f19328cc277844ba9164493cfd392) Importer(815301076,1909f56bfc062723c751e8b465ee728b)  -> (artifact id: 'dde6dd4ee322d8942cee05608472e650') in 0.016386 seconds 
  Import took 0.021259 seconds .

========================================================================
Received Import Request.
  Time since last request: 0.000374 seconds.
  path: Assets/6.Imports/RPG_FPS_game_assets_industrial/Fences/Concrete_fences/UNIConcrete_fences/UNIConcrete_fence_v1_s.prefab
  artifactKey: Guid(f0edaebc598e4d34b80cc4fcf3f6550b) Importer(815301076,1909f56bfc062723c751e8b465ee728b)
Start importing Assets/6.Imports/RPG_FPS_game_assets_industrial/Fences/Concrete_fences/UNIConcrete_fences/UNIConcrete_fence_v1_s.prefab using Guid(f0edaebc598e4d34b80cc4fcf3f6550b) Importer(815301076,1909f56bfc062723c751e8b465ee728b)  -> (artifact id: '0ef22966d3ac6ad98086e5f3208aefe0') in 0.019462 seconds 
  Import took 0.025430 seconds .

========================================================================
Received Import Request.
  Time since last request: 0.000421 seconds.
  path: Assets/6.Imports/RPG_FPS_game_assets_industrial/Fences/Concrete_fences
  artifactKey: Guid(09966d176a3d13546835caa48167fd4a) Importer(815301076,1909f56bfc062723c751e8b465ee728b)
Start importing Assets/6.Imports/RPG_FPS_game_assets_industrial/Fences/Concrete_fences using Guid(09966d176a3d13546835caa48167fd4a) Importer(815301076,1909f56bfc062723c751e8b465ee728b)  -> (artifact id: 'a6e5a077559d1cdb54d0bd409576304e') in 0.002729 seconds 
  Import took 0.008127 seconds .

========================================================================
Received Import Request.
  Time since last request: 0.000499 seconds.
  path: Assets/6.Imports/RPG_FPS_game_assets_industrial/Fences/Concrete_fences/UNIConcrete_fences/UNIConcrete_fence_v1_c2.prefab
  artifactKey: Guid(82c468ed5f42d8b4491c8bdf175a17d3) Importer(815301076,1909f56bfc062723c751e8b465ee728b)
Start importing Assets/6.Imports/RPG_FPS_game_assets_industrial/Fences/Concrete_fences/UNIConcrete_fences/UNIConcrete_fence_v1_c2.prefab using Guid(82c468ed5f42d8b4491c8bdf175a17d3) Importer(815301076,1909f56bfc062723c751e8b465ee728b)  -> (artifact id: 'f963f6bcacfe4744e5c1e79504f05323') in 0.013440 seconds 
  Import took 0.018169 seconds .

========================================================================
Received Import Request.
  Time since last request: 0.000489 seconds.
  path: Assets/6.Imports/RPG_FPS_game_assets_industrial/Fences/Concrete_fences/UNIConcrete_fences
  artifactKey: Guid(dbf7fb3de97e89b4bb2cf9c377ef25d9) Importer(815301076,1909f56bfc062723c751e8b465ee728b)
Start importing Assets/6.Imports/RPG_FPS_game_assets_industrial/Fences/Concrete_fences/UNIConcrete_fences using Guid(dbf7fb3de97e89b4bb2cf9c377ef25d9) Importer(815301076,1909f56bfc062723c751e8b465ee728b)  -> (artifact id: '16ed662490bf56dfacaa68b600065077') in 0.004434 seconds 
  Import took 0.009999 seconds .

========================================================================
Received Import Request.
  Time since last request: 0.000341 seconds.
  path: Assets/6.Imports/RPG_FPS_game_assets_industrial/Fences/Concrete_fences/UNIConcrete_fences/UNIConcrete_fence_v1_L.prefab
  artifactKey: Guid(7d3f5ccb558e7df4da8169755570ff76) Importer(815301076,1909f56bfc062723c751e8b465ee728b)
Start importing Assets/6.Imports/RPG_FPS_game_assets_industrial/Fences/Concrete_fences/UNIConcrete_fences/UNIConcrete_fence_v1_L.prefab using Guid(7d3f5ccb558e7df4da8169755570ff76) Importer(815301076,1909f56bfc062723c751e8b465ee728b)  -> (artifact id: '0d9c409535a4d107bbd2ed8ea6cb9a8f') in 0.014349 seconds 
  Import took 0.018781 seconds .

========================================================================
Received Import Request.
  Time since last request: 7.131978 seconds.
  path: Assets/6.Imports/RPG_FPS_game_assets_industrial/Barrels
  artifactKey: Guid(5e08619e167fbc04ea4c8c676ef68107) Importer(815301076,1909f56bfc062723c751e8b465ee728b)
Start importing Assets/6.Imports/RPG_FPS_game_assets_industrial/Barrels using Guid(5e08619e167fbc04ea4c8c676ef68107) Importer(815301076,1909f56bfc062723c751e8b465ee728b)  -> (artifact id: '3b00671271fa47781a4462937402bc33') in 0.003819 seconds 
  Import took 0.009036 seconds .

========================================================================
Received Import Request.
  Time since last request: 0.648191 seconds.
  path: Assets/6.Imports/RPG_FPS_game_assets_industrial/Barrels/Barrel_v2
  artifactKey: Guid(550735b4678d9a94d911c28776ec1903) Importer(815301076,1909f56bfc062723c751e8b465ee728b)
Start importing Assets/6.Imports/RPG_FPS_game_assets_industrial/Barrels/Barrel_v2 using Guid(550735b4678d9a94d911c28776ec1903) Importer(815301076,1909f56bfc062723c751e8b465ee728b)  -> (artifact id: '77e56b946751cf065803f494683fb0a6') in 0.003448 seconds 
  Import took 0.009310 seconds .

========================================================================
Received Import Request.
  Time since last request: 7655.348149 seconds.
  path: Assets/ExampleAssets/Models/Workbench.fbx
  artifactKey: Guid(efe9381559c516743bd05cef82f39ebb) Importer(815301076,1909f56bfc062723c751e8b465ee728b)
Start importing Assets/ExampleAssets/Models/Workbench.fbx using Guid(efe9381559c516743bd05cef82f39ebb) Importer(815301076,1909f56bfc062723c751e8b465ee728b)  -> (artifact id: '9763579b58169ef327fd8d483de42484') in 0.349134 seconds 
  Import took 0.498500 seconds .

========================================================================
Received Import Request.
  Time since last request: 0.000467 seconds.
  path: Assets/6.Imports/RPG_FPS_game_assets_industrial/Barrels/Barrel_v1/Source/Barrel_v1.mat
  artifactKey: Guid(db7eb35339cc6e249a3b76684d621373) Importer(815301076,1909f56bfc062723c751e8b465ee728b)
Start importing Assets/6.Imports/RPG_FPS_game_assets_industrial/Barrels/Barrel_v1/Source/Barrel_v1.mat using Guid(db7eb35339cc6e249a3b76684d621373) Importer(815301076,1909f56bfc062723c751e8b465ee728b)  -> (artifact id: 'df84ae7baec44cb8ac23c86a91a571fd') in 0.025001 seconds 
  Import took 0.030208 seconds .

========================================================================
Received Import Request.
  Time since last request: 0.000302 seconds.
  path: Assets/6.Imports/Destroyed_city_FREE/Models/Materials/beton_01.mat
  artifactKey: Guid(3a43b0a1f29377e4a97c6374af39b6c3) Importer(815301076,1909f56bfc062723c751e8b465ee728b)
Start importing Assets/6.Imports/Destroyed_city_FREE/Models/Materials/beton_01.mat using Guid(3a43b0a1f29377e4a97c6374af39b6c3) Importer(815301076,1909f56bfc062723c751e8b465ee728b)  -> (artifact id: '7b07a297b2b32f79d34e471a449ee06c') in 0.038324 seconds 
  Import took 0.043151 seconds .

========================================================================
Received Import Request.
  Time since last request: 0.000268 seconds.
  path: Assets/6.Imports/RPG_FPS_game_assets_industrial/Barrels/Barrel_v2/Source/Barrel_v2.mat
  artifactKey: Guid(cd2f24c07b1bce24fa0066430da2910b) Importer(815301076,1909f56bfc062723c751e8b465ee728b)
Start importing Assets/6.Imports/RPG_FPS_game_assets_industrial/Barrels/Barrel_v2/Source/Barrel_v2.mat using Guid(cd2f24c07b1bce24fa0066430da2910b) Importer(815301076,1909f56bfc062723c751e8b465ee728b)  -> (artifact id: '5bd6f810bab239fa8eb9d2abadaef337') in 0.017640 seconds 
  Import took 0.023056 seconds .

========================================================================
Received Import Request.
  Time since last request: 0.000465 seconds.
  path: Assets/6.Imports/RPG_FPS_game_assets_industrial/Containers/Cargo_container_v1/Source/Cargo_container_v2.mat
  artifactKey: Guid(5735afa0ccbd3dc408fbf0a19e478a4e) Importer(815301076,1909f56bfc062723c751e8b465ee728b)
Start importing Assets/6.Imports/RPG_FPS_game_assets_industrial/Containers/Cargo_container_v1/Source/Cargo_container_v2.mat using Guid(5735afa0ccbd3dc408fbf0a19e478a4e) Importer(815301076,1909f56bfc062723c751e8b465ee728b)  -> (artifact id: '21ae6f697379143d562527bb000b333a') in 0.019393 seconds 
  Import took 0.023929 seconds .

========================================================================
Received Import Request.
  Time since last request: 0.000265 seconds.
  path: Assets/6.Imports/RPG_FPS_game_assets_industrial/Containers/Cargo_container_v1/Source/Cargo_container_v3.mat
  artifactKey: Guid(bb0d1d0eb18293f4a8d2ded5e4ee4e46) Importer(815301076,1909f56bfc062723c751e8b465ee728b)
Start importing Assets/6.Imports/RPG_FPS_game_assets_industrial/Containers/Cargo_container_v1/Source/Cargo_container_v3.mat using Guid(bb0d1d0eb18293f4a8d2ded5e4ee4e46) Importer(815301076,1909f56bfc062723c751e8b465ee728b)  -> (artifact id: '2864baa158d1b4b0dc6079586fc10013') in 0.018150 seconds 
  Import took 0.023217 seconds .

========================================================================
Received Import Request.
  Time since last request: 0.000381 seconds.
  path: Assets/6.Imports/RPG_FPS_game_assets_industrial/Containers/Cargo_container_v1/Source/Cargo_container_v1.mat
  artifactKey: Guid(725065c3e256d624785aad798a8d0762) Importer(815301076,1909f56bfc062723c751e8b465ee728b)
Start importing Assets/6.Imports/RPG_FPS_game_assets_industrial/Containers/Cargo_container_v1/Source/Cargo_container_v1.mat using Guid(725065c3e256d624785aad798a8d0762) Importer(815301076,1909f56bfc062723c751e8b465ee728b)  -> (artifact id: '9cb0d55ece6d5288a1d25ce2289afd9f') in 0.016444 seconds 
  Import took 0.021889 seconds .

========================================================================
Received Import Request.
  Time since last request: 0.000281 seconds.
  path: Assets/6.Imports/RPG_FPS_game_assets_industrial/Barrels/Barrel_v3/Source/Barrel_v3.mat
  artifactKey: Guid(f15201246572bdb49bcb3594bf3000f3) Importer(815301076,1909f56bfc062723c751e8b465ee728b)
Start importing Assets/6.Imports/RPG_FPS_game_assets_industrial/Barrels/Barrel_v3/Source/Barrel_v3.mat using Guid(f15201246572bdb49bcb3594bf3000f3) Importer(815301076,1909f56bfc062723c751e8b465ee728b)  -> (artifact id: '7646ae372ea4cd9d0f8c953cd2d7be0a') in 0.015621 seconds 
  Import took 0.020701 seconds .

========================================================================
Received Import Request.
  Time since last request: 0.000323 seconds.
  path: Assets/6.Imports/WW2 Armed Forces Demo/Materials/Tanks/Carro_Armato_L6_40.mat
  artifactKey: Guid(e14ae0ce9ab78374d9dc7d2ba91e8ac4) Importer(815301076,1909f56bfc062723c751e8b465ee728b)
Start importing Assets/6.Imports/WW2 Armed Forces Demo/Materials/Tanks/Carro_Armato_L6_40.mat using Guid(e14ae0ce9ab78374d9dc7d2ba91e8ac4) Importer(815301076,1909f56bfc062723c751e8b465ee728b)  -> (artifact id: '19da01a7a3d5f3f18cfdfb82a26ed35a') in 0.050063 seconds 
  Import took 0.055571 seconds .

========================================================================
Received Import Request.
  Time since last request: 0.000257 seconds.
  path: Assets/6.Imports/RPG_FPS_game_assets_industrial/Other_props/Palets/Bags_on_pallet_v1/Source/Bags_on_pallet_v1.mat
  artifactKey: Guid(9b20318cce963404c8c089075ad8cb87) Importer(815301076,1909f56bfc062723c751e8b465ee728b)
Start importing Assets/6.Imports/RPG_FPS_game_assets_industrial/Other_props/Palets/Bags_on_pallet_v1/Source/Bags_on_pallet_v1.mat using Guid(9b20318cce963404c8c089075ad8cb87) Importer(815301076,1909f56bfc062723c751e8b465ee728b)  -> (artifact id: 'ad95970aab6883af6fa03a0abac881a4') in 0.017072 seconds 
  Import took 0.021878 seconds .

========================================================================
Received Import Request.
  Time since last request: 0.000343 seconds.
  path: Assets/6.Imports/Ammunition pack (demo)/Materials/Bullet3_mat(2).mat
  artifactKey: Guid(0db69b6bf0c8ee04a8ea5f7aedfbef66) Importer(815301076,1909f56bfc062723c751e8b465ee728b)
Start importing Assets/6.Imports/Ammunition pack (demo)/Materials/Bullet3_mat(2).mat using Guid(0db69b6bf0c8ee04a8ea5f7aedfbef66) Importer(815301076,1909f56bfc062723c751e8b465ee728b)  -> (artifact id: 'b57924cb37f86aef331e2d81a2d59dcf') in 0.020888 seconds 
  Import took 0.025865 seconds .

========================================================================
Received Import Request.
  Time since last request: 0.000272 seconds.
  path: Assets/ExampleAssets/Models/Workbench_Low.fbx
  artifactKey: Guid(ff6dc36862fe41641bb21568d92147c9) Importer(815301076,1909f56bfc062723c751e8b465ee728b)
Start importing Assets/ExampleAssets/Models/Workbench_Low.fbx using Guid(ff6dc36862fe41641bb21568d92147c9) Importer(815301076,1909f56bfc062723c751e8b465ee728b)  -> (artifact id: '5f99d08570cdde3afaf55ae1a8262d9b') in 0.080353 seconds 
  Import took 0.084808 seconds .

========================================================================
Received Import Request.
  Time since last request: 3433.068505 seconds.
  path: Assets/TextMesh Pro/Resources/Fonts & Materials/LiberationSans SDF - Fallback.asset
  artifactKey: Guid(2e498d1c8094910479dc3e1b768306a4) Importer(815301076,1909f56bfc062723c751e8b465ee728b)
Start importing Assets/TextMesh Pro/Resources/Fonts & Materials/LiberationSans SDF - Fallback.asset using Guid(2e498d1c8094910479dc3e1b768306a4) Importer(815301076,1909f56bfc062723c751e8b465ee728b)  -> (artifact id: '19bed5a93289e2419fbcc79e2ee9b795') in 0.158156 seconds 
  Import took 0.183513 seconds .

========================================================================
Received Import Request.
  Time since last request: 151.049404 seconds.
  path: Assets/Fonts/Roboto-Thin.ttf
  artifactKey: Guid(2d6657d0701dc444f98b944119349ee0) Importer(815301076,1909f56bfc062723c751e8b465ee728b)
Start importing Assets/Fonts/Roboto-Thin.ttf using Guid(2d6657d0701dc444f98b944119349ee0) Importer(815301076,1909f56bfc062723c751e8b465ee728b)  -> (artifact id: 'd38128e56c2e7c716d8696618df65e4b') in 0.023635 seconds 
  Import took 0.028372 seconds .

========================================================================
Received Import Request.
  Time since last request: 12.863036 seconds.
  path: Assets/Fonts/Roboto-Thin SDF.asset
  artifactKey: Guid(7d7e7124db4461c4abb63c478cd07d2f) Importer(815301076,1909f56bfc062723c751e8b465ee728b)
Start importing Assets/Fonts/Roboto-Thin SDF.asset using Guid(7d7e7124db4461c4abb63c478cd07d2f) Importer(815301076,1909f56bfc062723c751e8b465ee728b)  -> (artifact id: 'ea301f31397e28a6ea80fbaf0c4828dd') in 0.033732 seconds 
  Import took 0.039389 seconds .

========================================================================
Received Prepare
Registering precompiled user dll's ...
Registered in 0.007621 seconds.
Begin MonoManager ReloadAssembly
Native extension for WindowsStandalone target not found
Refreshing native plugins compatible for Editor in 0.62 ms, found 2 plugins.
Preloading 0 native plugins for Editor in 0.00 ms.
Mono: successfully reloaded assembly
- Completed reload, in  1.153 seconds
Domain Reload Profiling:
	ReloadAssembly (1154ms)
		BeginReloadAssembly (191ms)
			ExecutionOrderSort (0ms)
			DisableScriptedObjects (15ms)
			BackupInstance (0ms)
			ReleaseScriptingObjects (0ms)
			CreateAndSetChildDomain (83ms)
		EndReloadAssembly (906ms)
			LoadAssemblies (97ms)
			RebuildTransferFunctionScriptingTraits (0ms)
			SetupTypeCache (301ms)
			ReleaseScriptCaches (2ms)
			RebuildScriptCaches (50ms)
			SetupLoadedEditorAssemblies (291ms)
				LogAssemblyErrors (0ms)
				InitializePlatformSupportModulesInManaged (3ms)
				SetLoadedEditorAssemblies (1ms)
				RefreshPlugins (1ms)
				BeforeProcessingInitializeOnLoad (84ms)
				ProcessInitializeOnLoadAttributes (187ms)
				ProcessInitializeOnLoadMethodAttributes (8ms)
				AfterProcessingInitializeOnLoad (7ms)
				EditorAssembliesLoaded (0ms)
			ExecutionOrderSort2 (0ms)
			AwakeInstancesAfterBackupRestoration (13ms)
Platform modules already initialized, skipping
Refreshing native plugins compatible for Editor in 0.59 ms, found 2 plugins.
Preloading 0 native plugins for Editor in 0.00 ms.
Unloading 2857 Unused Serialized files (Serialized files now loaded: 0)
System memory in use before: 140.8 MB.
System memory in use after: 141.1 MB.

Unloading 16 unused Assets to reduce memory usage. Loaded Objects now: 3528.
Total: 2.975000 ms (FindLiveObjects: 0.340500 ms CreateObjectMapping: 0.169600 ms MarkObjects: 2.408100 ms  DeleteObjects: 0.056100 ms)

AssetImportParameters requested are different than current active one (requested -> active):
  custom:framework-win-MediaFoundation: 216162199b28c13a410421893ffa2e32 -> 
  custom:video-decoder-ogg-theora: a1e56fd34408186e4bbccfd4996cb3dc -> 
  custom:container-muxer-webm: aa71ff27fc2769a1b78a27578f13a17b -> 
  custom:container-demuxer-webm: 4f35f7cbe854078d1ac9338744f61a02 -> 
  custom:container-demuxer-ogg: 62fdf1f143b41e24485cea50d1cbac27 -> 
  custom:video-encoder-webm-vp8: eb34c28f22e8b96e1ab97ce403110664 -> 
  custom:video-decoder-webm-vp8: 9c59270c3fd7afecdb556c50c9e8de78 -> 
  custom:audio-decoder-ogg-vorbis: bf7c407c2cedff20999df2af8eb42d56 -> 
  custom:audio-encoder-webm-vorbis: bf7c407c2cedff20999df2af8eb42d56 -> 
========================================================================
Received Import Request.
  Time since last request: 693.495248 seconds.
  path: Assets/7.Textures/UI/Bar.jpg
  artifactKey: Guid(533af89c4d4f08d438195388a05d9044) Importer(815301076,1909f56bfc062723c751e8b465ee728b)
Start importing Assets/7.Textures/UI/Bar.jpg using Guid(533af89c4d4f08d438195388a05d9044) Importer(815301076,1909f56bfc062723c751e8b465ee728b)  -> (artifact id: 'e48edb6e100c74edd40c16f626837482') in 0.073286 seconds 
  Import took 0.081394 seconds .

========================================================================
Received Import Request.
  Time since last request: 4.582072 seconds.
  path: Assets/7.Textures/UI/StatsBar.png
  artifactKey: Guid(0d8eaea426e74e640810f7ee31e96b1e) Importer(815301076,1909f56bfc062723c751e8b465ee728b)
Start importing Assets/7.Textures/UI/StatsBar.png using Guid(0d8eaea426e74e640810f7ee31e96b1e) Importer(815301076,1909f56bfc062723c751e8b465ee728b)  -> (artifact id: '2d99ffc63121dbb617a747ddbc754687') in 0.013429 seconds 
  Import took 0.017925 seconds .

========================================================================
Received Import Request.
  Time since last request: 2.745174 seconds.
  path: Assets/7.Textures/UI/StatsBar.png
  artifactKey: Guid(0d8eaea426e74e640810f7ee31e96b1e) Importer(815301076,1909f56bfc062723c751e8b465ee728b)
Start importing Assets/7.Textures/UI/StatsBar.png using Guid(0d8eaea426e74e640810f7ee31e96b1e) Importer(815301076,1909f56bfc062723c751e8b465ee728b)  -> (artifact id: '81c2fb7ce8f0ee51fc25f122c833b505') in 0.037068 seconds 
  Import took 0.041492 seconds .

========================================================================
Received Import Request.
  Time since last request: 114.197625 seconds.
  path: Assets/7.Textures/UI/StatsBar.png
  artifactKey: Guid(0d8eaea426e74e640810f7ee31e96b1e) Importer(815301076,1909f56bfc062723c751e8b465ee728b)
Start importing Assets/7.Textures/UI/StatsBar.png using Guid(0d8eaea426e74e640810f7ee31e96b1e) Importer(815301076,1909f56bfc062723c751e8b465ee728b)  -> (artifact id: '991e5c97711949bdab93b99a9e1dc0a4') in 0.020324 seconds 
  Import took 0.025109 seconds .

========================================================================
Received Import Request.
  Time since last request: 2.953946 seconds.
  path: Assets/7.Textures/UI/StatsBar.png
  artifactKey: Guid(0d8eaea426e74e640810f7ee31e96b1e) Importer(815301076,1909f56bfc062723c751e8b465ee728b)
Start importing Assets/7.Textures/UI/StatsBar.png using Guid(0d8eaea426e74e640810f7ee31e96b1e) Importer(815301076,1909f56bfc062723c751e8b465ee728b)  -> (artifact id: '481472bde1ab8b47fed8641af22e873e') in 0.034202 seconds 
  Import took 0.038654 seconds .

========================================================================
Received Prepare
Registering precompiled user dll's ...
Registered in 0.004703 seconds.
Begin MonoManager ReloadAssembly
Native extension for WindowsStandalone target not found
Refreshing native plugins compatible for Editor in 0.90 ms, found 2 plugins.
Preloading 0 native plugins for Editor in 0.00 ms.
Mono: successfully reloaded assembly
- Completed reload, in  0.965 seconds
Domain Reload Profiling:
	ReloadAssembly (966ms)
		BeginReloadAssembly (128ms)
			ExecutionOrderSort (0ms)
			DisableScriptedObjects (4ms)
			BackupInstance (0ms)
			ReleaseScriptingObjects (0ms)
			CreateAndSetChildDomain (39ms)
		EndReloadAssembly (778ms)
			LoadAssemblies (93ms)
			RebuildTransferFunctionScriptingTraits (0ms)
			SetupTypeCache (283ms)
			ReleaseScriptCaches (1ms)
			RebuildScriptCaches (36ms)
			SetupLoadedEditorAssemblies (259ms)
				LogAssemblyErrors (0ms)
				InitializePlatformSupportModulesInManaged (3ms)
				SetLoadedEditorAssemblies (0ms)
				RefreshPlugins (1ms)
				BeforeProcessingInitializeOnLoad (74ms)
				ProcessInitializeOnLoadAttributes (166ms)
				ProcessInitializeOnLoadMethodAttributes (7ms)
				AfterProcessingInitializeOnLoad (7ms)
				EditorAssembliesLoaded (0ms)
			ExecutionOrderSort2 (0ms)
			AwakeInstancesAfterBackupRestoration (12ms)
Platform modules already initialized, skipping
Refreshing native plugins compatible for Editor in 0.59 ms, found 2 plugins.
Preloading 0 native plugins for Editor in 0.00 ms.
Unloading 2857 Unused Serialized files (Serialized files now loaded: 0)
System memory in use before: 140.9 MB.
System memory in use after: 141.1 MB.

Unloading 16 unused Assets to reduce memory usage. Loaded Objects now: 3538.
Total: 2.981700 ms (FindLiveObjects: 0.252800 ms CreateObjectMapping: 0.270300 ms MarkObjects: 2.444400 ms  DeleteObjects: 0.013500 ms)

AssetImportParameters requested are different than current active one (requested -> active):
  custom:framework-win-MediaFoundation: 216162199b28c13a410421893ffa2e32 -> 
  custom:video-decoder-ogg-theora: a1e56fd34408186e4bbccfd4996cb3dc -> 
  custom:container-muxer-webm: aa71ff27fc2769a1b78a27578f13a17b -> 
  custom:container-demuxer-webm: 4f35f7cbe854078d1ac9338744f61a02 -> 
  custom:container-demuxer-ogg: 62fdf1f143b41e24485cea50d1cbac27 -> 
  custom:video-encoder-webm-vp8: eb34c28f22e8b96e1ab97ce403110664 -> 
  custom:video-decoder-webm-vp8: 9c59270c3fd7afecdb556c50c9e8de78 -> 
  custom:audio-decoder-ogg-vorbis: bf7c407c2cedff20999df2af8eb42d56 -> 
  custom:audio-encoder-webm-vorbis: bf7c407c2cedff20999df2af8eb42d56 -> 
========================================================================
Received Import Request.
  Time since last request: 142.377270 seconds.
  path: Assets/4.ScriptableObjects/Scripts/TankSO.cs
  artifactKey: Guid(898f9e4952fd065409aea1da049bb7e5) Importer(815301076,1909f56bfc062723c751e8b465ee728b)
Start importing Assets/4.ScriptableObjects/Scripts/TankSO.cs using Guid(898f9e4952fd065409aea1da049bb7e5) Importer(815301076,1909f56bfc062723c751e8b465ee728b)  -> (artifact id: 'af15cdb7d799c696029602d1ba377383') in 0.013514 seconds 
  Import took 0.019395 seconds .

========================================================================
Received Prepare
Registering precompiled user dll's ...
Registered in 0.005926 seconds.
Begin MonoManager ReloadAssembly
Native extension for WindowsStandalone target not found
Refreshing native plugins compatible for Editor in 0.69 ms, found 2 plugins.
Preloading 0 native plugins for Editor in 0.00 ms.
Mono: successfully reloaded assembly
- Completed reload, in  1.038 seconds
Domain Reload Profiling:
	ReloadAssembly (1039ms)
		BeginReloadAssembly (110ms)
			ExecutionOrderSort (0ms)
			DisableScriptedObjects (4ms)
			BackupInstance (0ms)
			ReleaseScriptingObjects (0ms)
			CreateAndSetChildDomain (35ms)
		EndReloadAssembly (867ms)
			LoadAssemblies (88ms)
			RebuildTransferFunctionScriptingTraits (0ms)
			SetupTypeCache (287ms)
			ReleaseScriptCaches (1ms)
			RebuildScriptCaches (39ms)
			SetupLoadedEditorAssemblies (325ms)
				LogAssemblyErrors (0ms)
				InitializePlatformSupportModulesInManaged (4ms)
				SetLoadedEditorAssemblies (1ms)
				RefreshPlugins (1ms)
				BeforeProcessingInitializeOnLoad (102ms)
				ProcessInitializeOnLoadAttributes (201ms)
				ProcessInitializeOnLoadMethodAttributes (9ms)
				AfterProcessingInitializeOnLoad (7ms)
				EditorAssembliesLoaded (0ms)
			ExecutionOrderSort2 (0ms)
			AwakeInstancesAfterBackupRestoration (14ms)
Platform modules already initialized, skipping
Refreshing native plugins compatible for Editor in 0.69 ms, found 2 plugins.
Preloading 0 native plugins for Editor in 0.00 ms.
Unloading 2857 Unused Serialized files (Serialized files now loaded: 0)
System memory in use before: 140.9 MB.
System memory in use after: 141.2 MB.

Unloading 16 unused Assets to reduce memory usage. Loaded Objects now: 3540.
Total: 3.261900 ms (FindLiveObjects: 0.347600 ms CreateObjectMapping: 0.165700 ms MarkObjects: 2.725800 ms  DeleteObjects: 0.021500 ms)

AssetImportParameters requested are different than current active one (requested -> active):
  custom:framework-win-MediaFoundation: 216162199b28c13a410421893ffa2e32 -> 
  custom:video-decoder-ogg-theora: a1e56fd34408186e4bbccfd4996cb3dc -> 
  custom:container-muxer-webm: aa71ff27fc2769a1b78a27578f13a17b -> 
  custom:container-demuxer-webm: 4f35f7cbe854078d1ac9338744f61a02 -> 
  custom:container-demuxer-ogg: 62fdf1f143b41e24485cea50d1cbac27 -> 
  custom:video-encoder-webm-vp8: eb34c28f22e8b96e1ab97ce403110664 -> 
  custom:video-decoder-webm-vp8: 9c59270c3fd7afecdb556c50c9e8de78 -> 
  custom:audio-decoder-ogg-vorbis: bf7c407c2cedff20999df2af8eb42d56 -> 
  custom:audio-encoder-webm-vorbis: bf7c407c2cedff20999df2af8eb42d56 -> 
========================================================================
Received Prepare
Registering precompiled user dll's ...
Registered in 0.004901 seconds.
Begin MonoManager ReloadAssembly
Native extension for WindowsStandalone target not found
Refreshing native plugins compatible for Editor in 0.56 ms, found 2 plugins.
Preloading 0 native plugins for Editor in 0.00 ms.
Mono: successfully reloaded assembly
- Completed reload, in  1.088 seconds
Domain Reload Profiling:
	ReloadAssembly (1089ms)
		BeginReloadAssembly (141ms)
			ExecutionOrderSort (0ms)
			DisableScriptedObjects (5ms)
			BackupInstance (0ms)
			ReleaseScriptingObjects (0ms)
			CreateAndSetChildDomain (40ms)
		EndReloadAssembly (888ms)
			LoadAssemblies (108ms)
			RebuildTransferFunctionScriptingTraits (0ms)
			SetupTypeCache (348ms)
			ReleaseScriptCaches (1ms)
			RebuildScriptCaches (40ms)
			SetupLoadedEditorAssemblies (275ms)
				LogAssemblyErrors (0ms)
				InitializePlatformSupportModulesInManaged (3ms)
				SetLoadedEditorAssemblies (0ms)
				RefreshPlugins (1ms)
				BeforeProcessingInitializeOnLoad (80ms)
				ProcessInitializeOnLoadAttributes (177ms)
				ProcessInitializeOnLoadMethodAttributes (7ms)
				AfterProcessingInitializeOnLoad (7ms)
				EditorAssembliesLoaded (0ms)
			ExecutionOrderSort2 (0ms)
			AwakeInstancesAfterBackupRestoration (16ms)
Platform modules already initialized, skipping
Refreshing native plugins compatible for Editor in 0.66 ms, found 2 plugins.
Preloading 0 native plugins for Editor in 0.00 ms.
Unloading 2857 Unused Serialized files (Serialized files now loaded: 0)
System memory in use before: 140.9 MB.
System memory in use after: 141.2 MB.

Unloading 16 unused Assets to reduce memory usage. Loaded Objects now: 3542.
Total: 3.037700 ms (FindLiveObjects: 0.259500 ms CreateObjectMapping: 0.126300 ms MarkObjects: 2.614100 ms  DeleteObjects: 0.037100 ms)

AssetImportParameters requested are different than current active one (requested -> active):
  custom:framework-win-MediaFoundation: 216162199b28c13a410421893ffa2e32 -> 
  custom:video-decoder-ogg-theora: a1e56fd34408186e4bbccfd4996cb3dc -> 
  custom:container-muxer-webm: aa71ff27fc2769a1b78a27578f13a17b -> 
  custom:container-demuxer-webm: 4f35f7cbe854078d1ac9338744f61a02 -> 
  custom:container-demuxer-ogg: 62fdf1f143b41e24485cea50d1cbac27 -> 
  custom:video-encoder-webm-vp8: eb34c28f22e8b96e1ab97ce403110664 -> 
  custom:video-decoder-webm-vp8: 9c59270c3fd7afecdb556c50c9e8de78 -> 
  custom:audio-decoder-ogg-vorbis: bf7c407c2cedff20999df2af8eb42d56 -> 
  custom:audio-encoder-webm-vorbis: bf7c407c2cedff20999df2af8eb42d56 -> 
AssetImportWorkerClient::OnTransportError - code=2 error=End of file
