Using pre-set license
Built from '2020.3/staging' branch; Version is '2020.3.23f1 (c5d91304a876) revision 12966163'; Using compiler version '192528614'; Build Type 'Release'
OS: 'Windows 10 Home; OS build 19043.1645; Version 2009; 64bit' Language: 'nl' Physical Memory: 16215 MB
BatchMode: 1, IsHumanControllingUs: 0, StartBugReporterOnCrash: 0, Is64bit: 1, IsPro: 0

COMMAND LINE ARGUMENTS:
C:\Users\Deon Lee\Unity\Unity Editors\2020.3.23f1\Editor\Unity.exe
-adb2
-batchMode
-noUpm
-name
AssetImportWorker0
-projectPath
C:/Users/Deon Lee/Unity/Unity Projects/Tank Wars
-logFile
Logs/AssetImportWorker0.log
-srvPort
64895
Successfully changed project path to: C:/Users/Deon Lee/Unity/Unity Projects/Tank Wars
C:/Users/Deon Lee/Unity/Unity Projects/Tank Wars
Using Asset Import Pipeline V2.
Refreshing native plugins compatible for Editor in 59.53 ms, found 2 plugins.
Preloading 0 native plugins for Editor in 0.00 ms.
Initialize engine version: 2020.3.23f1 (c5d91304a876)
[Subsystems] Discovering subsystems at path C:/Users/Deon Lee/Unity/Unity Editors/2020.3.23f1/Editor/Data/Resources/UnitySubsystems
[Subsystems] Discovering subsystems at path C:/Users/Deon Lee/Unity/Unity Projects/Tank Wars/Assets
GfxDevice: creating device client; threaded=0
Direct3D:
    Version:  Direct3D 11.0 [level 11.1]
    Renderer: NVIDIA GeForce RTX 2060 (ID=0x1f15)
    Vendor:   
    VRAM:     5980 MB
    Driver:   27.21.14.5167
Initialize mono
Mono path[0] = 'C:/Users/Deon Lee/Unity/Unity Editors/2020.3.23f1/Editor/Data/Managed'
Mono path[1] = 'C:/Users/Deon Lee/Unity/Unity Editors/2020.3.23f1/Editor/Data/MonoBleedingEdge/lib/mono/unityjit'
Mono config path = 'C:/Users/Deon Lee/Unity/Unity Editors/2020.3.23f1/Editor/Data/MonoBleedingEdge/etc'
Using monoOptions --debugger-agent=transport=dt_socket,embedding=1,server=y,suspend=n,address=127.0.0.1:56300
Begin MonoManager ReloadAssembly
Registering precompiled unity dll's ...
Register platform support module: C:/Users/Deon Lee/Unity/Unity Editors/2020.3.23f1/Editor/Data/PlaybackEngines/WindowsStandaloneSupport/UnityEditor.WindowsStandalone.Extensions.dll
Registered in 0.002050 seconds.
Native extension for WindowsStandalone target not found
Refreshing native plugins compatible for Editor in 56.25 ms, found 2 plugins.
Preloading 0 native plugins for Editor in 0.00 ms.
Mono: successfully reloaded assembly
- Completed reload, in  0.555 seconds
Domain Reload Profiling:
	ReloadAssembly (555ms)
		BeginReloadAssembly (51ms)
			ExecutionOrderSort (0ms)
			DisableScriptedObjects (0ms)
			BackupInstance (0ms)
			ReleaseScriptingObjects (0ms)
			CreateAndSetChildDomain (1ms)
		EndReloadAssembly (437ms)
			LoadAssemblies (48ms)
			RebuildTransferFunctionScriptingTraits (0ms)
			SetupTypeCache (133ms)
			ReleaseScriptCaches (0ms)
			RebuildScriptCaches (27ms)
			SetupLoadedEditorAssemblies (183ms)
				LogAssemblyErrors (0ms)
				InitializePlatformSupportModulesInManaged (4ms)
				SetLoadedEditorAssemblies (0ms)
				RefreshPlugins (56ms)
				BeforeProcessingInitializeOnLoad (15ms)
				ProcessInitializeOnLoadAttributes (82ms)
				ProcessInitializeOnLoadMethodAttributes (26ms)
				AfterProcessingInitializeOnLoad (0ms)
				EditorAssembliesLoaded (0ms)
			ExecutionOrderSort2 (0ms)
			AwakeInstancesAfterBackupRestoration (0ms)
Platform modules already initialized, skipping
Registering precompiled user dll's ...
Registered in 0.005636 seconds.
Begin MonoManager ReloadAssembly
Native extension for WindowsStandalone target not found
Refreshing native plugins compatible for Editor in 68.93 ms, found 2 plugins.
Preloading 0 native plugins for Editor in 0.00 ms.
Mono: successfully reloaded assembly
- Completed reload, in  1.104 seconds
Domain Reload Profiling:
	ReloadAssembly (1105ms)
		BeginReloadAssembly (131ms)
			ExecutionOrderSort (0ms)
			DisableScriptedObjects (5ms)
			BackupInstance (0ms)
			ReleaseScriptingObjects (0ms)
			CreateAndSetChildDomain (17ms)
		EndReloadAssembly (917ms)
			LoadAssemblies (81ms)
			RebuildTransferFunctionScriptingTraits (0ms)
			SetupTypeCache (296ms)
			ReleaseScriptCaches (1ms)
			RebuildScriptCaches (51ms)
			SetupLoadedEditorAssemblies (358ms)
				LogAssemblyErrors (0ms)
				InitializePlatformSupportModulesInManaged (3ms)
				SetLoadedEditorAssemblies (0ms)
				RefreshPlugins (69ms)
				BeforeProcessingInitializeOnLoad (87ms)
				ProcessInitializeOnLoadAttributes (182ms)
				ProcessInitializeOnLoadMethodAttributes (8ms)
				AfterProcessingInitializeOnLoad (7ms)
				EditorAssembliesLoaded (0ms)
			ExecutionOrderSort2 (0ms)
			AwakeInstancesAfterBackupRestoration (5ms)
Platform modules already initialized, skipping
========================================================================
Worker process is ready to serve import requests
Launched and connected shader compiler UnityShaderCompiler.exe after 0.04 seconds
Refreshing native plugins compatible for Editor in 0.59 ms, found 2 plugins.
Preloading 0 native plugins for Editor in 0.00 ms.
Unloading 2984 Unused Serialized files (Serialized files now loaded: 0)
System memory in use before: 143.9 MB.
System memory in use after: 144.1 MB.

Unloading 21 unused Assets to reduce memory usage. Loaded Objects now: 3440.
Total: 3.017100 ms (FindLiveObjects: 0.369900 ms CreateObjectMapping: 0.145700 ms MarkObjects: 2.395400 ms  DeleteObjects: 0.105000 ms)

AssetImportParameters requested are different than current active one (requested -> active):
  custom:framework-win-MediaFoundation: 216162199b28c13a410421893ffa2e32 -> 
  custom:video-decoder-ogg-theora: a1e56fd34408186e4bbccfd4996cb3dc -> 
  custom:container-muxer-webm: aa71ff27fc2769a1b78a27578f13a17b -> 
  custom:container-demuxer-webm: 4f35f7cbe854078d1ac9338744f61a02 -> 
  custom:container-demuxer-ogg: 62fdf1f143b41e24485cea50d1cbac27 -> 
  custom:video-encoder-webm-vp8: eb34c28f22e8b96e1ab97ce403110664 -> 
  custom:video-decoder-webm-vp8: 9c59270c3fd7afecdb556c50c9e8de78 -> 
  custom:audio-decoder-ogg-vorbis: bf7c407c2cedff20999df2af8eb42d56 -> 
  custom:audio-encoder-webm-vorbis: bf7c407c2cedff20999df2af8eb42d56 -> 
========================================================================
Received Import Request.
  path: Assets/1.Scripts/Managers/SelectManager.cs
  artifactKey: Guid(b2965ae9ac6055d4cb8338326caefed6) Importer(815301076,1909f56bfc062723c751e8b465ee728b)
Start importing Assets/1.Scripts/Managers/SelectManager.cs using Guid(b2965ae9ac6055d4cb8338326caefed6) Importer(815301076,1909f56bfc062723c751e8b465ee728b)  -> (artifact id: '0faa124cb22f6a3b446dafee5c102c2b') in 0.027376 seconds 
  Import took 0.031381 seconds .

========================================================================
Received Prepare
Registering precompiled user dll's ...
Registered in 0.005645 seconds.
Begin MonoManager ReloadAssembly
Native extension for WindowsStandalone target not found
Refreshing native plugins compatible for Editor in 0.72 ms, found 2 plugins.
Preloading 0 native plugins for Editor in 0.00 ms.
Mono: successfully reloaded assembly
- Completed reload, in  1.061 seconds
Domain Reload Profiling:
	ReloadAssembly (1062ms)
		BeginReloadAssembly (138ms)
			ExecutionOrderSort (0ms)
			DisableScriptedObjects (5ms)
			BackupInstance (0ms)
			ReleaseScriptingObjects (0ms)
			CreateAndSetChildDomain (40ms)
		EndReloadAssembly (847ms)
			LoadAssemblies (103ms)
			RebuildTransferFunctionScriptingTraits (0ms)
			SetupTypeCache (290ms)
			ReleaseScriptCaches (1ms)
			RebuildScriptCaches (41ms)
			SetupLoadedEditorAssemblies (318ms)
				LogAssemblyErrors (0ms)
				InitializePlatformSupportModulesInManaged (4ms)
				SetLoadedEditorAssemblies (1ms)
				RefreshPlugins (1ms)
				BeforeProcessingInitializeOnLoad (109ms)
				ProcessInitializeOnLoadAttributes (188ms)
				ProcessInitializeOnLoadMethodAttributes (7ms)
				AfterProcessingInitializeOnLoad (7ms)
				EditorAssembliesLoaded (0ms)
			ExecutionOrderSort2 (0ms)
			AwakeInstancesAfterBackupRestoration (8ms)
Platform modules already initialized, skipping
Refreshing native plugins compatible for Editor in 0.59 ms, found 2 plugins.
Preloading 0 native plugins for Editor in 0.00 ms.
Unloading 2857 Unused Serialized files (Serialized files now loaded: 0)
System memory in use before: 135.1 MB.
System memory in use after: 135.3 MB.

Unloading 16 unused Assets to reduce memory usage. Loaded Objects now: 3442.
Total: 2.796900 ms (FindLiveObjects: 0.315700 ms CreateObjectMapping: 0.142200 ms MarkObjects: 2.323200 ms  DeleteObjects: 0.014900 ms)

AssetImportParameters requested are different than current active one (requested -> active):
  custom:framework-win-MediaFoundation: 216162199b28c13a410421893ffa2e32 -> 
  custom:video-decoder-ogg-theora: a1e56fd34408186e4bbccfd4996cb3dc -> 
  custom:container-muxer-webm: aa71ff27fc2769a1b78a27578f13a17b -> 
  custom:container-demuxer-webm: 4f35f7cbe854078d1ac9338744f61a02 -> 
  custom:container-demuxer-ogg: 62fdf1f143b41e24485cea50d1cbac27 -> 
  custom:video-encoder-webm-vp8: eb34c28f22e8b96e1ab97ce403110664 -> 
  custom:video-decoder-webm-vp8: 9c59270c3fd7afecdb556c50c9e8de78 -> 
  custom:audio-decoder-ogg-vorbis: bf7c407c2cedff20999df2af8eb42d56 -> 
  custom:audio-encoder-webm-vorbis: bf7c407c2cedff20999df2af8eb42d56 -> 
========================================================================
Received Import Request.
  Time since last request: 27.222364 seconds.
  path: Assets/1.Scripts/Managers/SelectManager.cs
  artifactKey: Guid(b2965ae9ac6055d4cb8338326caefed6) Importer(815301076,1909f56bfc062723c751e8b465ee728b)
Start importing Assets/1.Scripts/Managers/SelectManager.cs using Guid(b2965ae9ac6055d4cb8338326caefed6) Importer(815301076,1909f56bfc062723c751e8b465ee728b)  -> (artifact id: 'b4549973109d0483172ada836337b55e') in 0.006896 seconds 
  Import took 0.013931 seconds .

========================================================================
Received Prepare
Registering precompiled user dll's ...
Registered in 0.005661 seconds.
Begin MonoManager ReloadAssembly
Native extension for WindowsStandalone target not found
Refreshing native plugins compatible for Editor in 1.11 ms, found 2 plugins.
Preloading 0 native plugins for Editor in 0.00 ms.
Mono: successfully reloaded assembly
- Completed reload, in  1.227 seconds
Domain Reload Profiling:
	ReloadAssembly (1227ms)
		BeginReloadAssembly (133ms)
			ExecutionOrderSort (0ms)
			DisableScriptedObjects (4ms)
			BackupInstance (0ms)
			ReleaseScriptingObjects (0ms)
			CreateAndSetChildDomain (42ms)
		EndReloadAssembly (1028ms)
			LoadAssemblies (97ms)
			RebuildTransferFunctionScriptingTraits (0ms)
			SetupTypeCache (386ms)
			ReleaseScriptCaches (1ms)
			RebuildScriptCaches (69ms)
			SetupLoadedEditorAssemblies (287ms)
				LogAssemblyErrors (0ms)
				InitializePlatformSupportModulesInManaged (5ms)
				SetLoadedEditorAssemblies (1ms)
				RefreshPlugins (1ms)
				BeforeProcessingInitializeOnLoad (83ms)
				ProcessInitializeOnLoadAttributes (182ms)
				ProcessInitializeOnLoadMethodAttributes (8ms)
				AfterProcessingInitializeOnLoad (7ms)
				EditorAssembliesLoaded (0ms)
			ExecutionOrderSort2 (0ms)
			AwakeInstancesAfterBackupRestoration (9ms)
Platform modules already initialized, skipping
Refreshing native plugins compatible for Editor in 1.13 ms, found 2 plugins.
Preloading 0 native plugins for Editor in 0.00 ms.
Unloading 2857 Unused Serialized files (Serialized files now loaded: 0)
System memory in use before: 135.1 MB.
System memory in use after: 135.3 MB.

Unloading 16 unused Assets to reduce memory usage. Loaded Objects now: 3444.
Total: 3.989800 ms (FindLiveObjects: 0.393200 ms CreateObjectMapping: 0.247800 ms MarkObjects: 3.322400 ms  DeleteObjects: 0.024800 ms)

AssetImportParameters requested are different than current active one (requested -> active):
  custom:framework-win-MediaFoundation: 216162199b28c13a410421893ffa2e32 -> 
  custom:video-decoder-ogg-theora: a1e56fd34408186e4bbccfd4996cb3dc -> 
  custom:container-muxer-webm: aa71ff27fc2769a1b78a27578f13a17b -> 
  custom:container-demuxer-webm: 4f35f7cbe854078d1ac9338744f61a02 -> 
  custom:container-demuxer-ogg: 62fdf1f143b41e24485cea50d1cbac27 -> 
  custom:video-encoder-webm-vp8: eb34c28f22e8b96e1ab97ce403110664 -> 
  custom:video-decoder-webm-vp8: 9c59270c3fd7afecdb556c50c9e8de78 -> 
  custom:audio-decoder-ogg-vorbis: bf7c407c2cedff20999df2af8eb42d56 -> 
  custom:audio-encoder-webm-vorbis: bf7c407c2cedff20999df2af8eb42d56 -> 
========================================================================
Received Import Request.
  Time since last request: 169.294053 seconds.
  path: Assets/1.Scripts/Canvas/MenuCanvas
  artifactKey: Guid(32d58613a38f55e42922006c6b4edd07) Importer(815301076,1909f56bfc062723c751e8b465ee728b)
Start importing Assets/1.Scripts/Canvas/MenuCanvas using Guid(32d58613a38f55e42922006c6b4edd07) Importer(815301076,1909f56bfc062723c751e8b465ee728b)  -> (artifact id: '7caf95f100894bca8a5431dceb29ae50') in 0.009073 seconds 
  Import took 0.015598 seconds .

========================================================================
Received Prepare
Registering precompiled user dll's ...
Registered in 0.004930 seconds.
Begin MonoManager ReloadAssembly
Native extension for WindowsStandalone target not found
Refreshing native plugins compatible for Editor in 0.76 ms, found 2 plugins.
Preloading 0 native plugins for Editor in 0.00 ms.
Mono: successfully reloaded assembly
- Completed reload, in  1.117 seconds
Domain Reload Profiling:
	ReloadAssembly (1118ms)
		BeginReloadAssembly (106ms)
			ExecutionOrderSort (0ms)
			DisableScriptedObjects (4ms)
			BackupInstance (0ms)
			ReleaseScriptingObjects (0ms)
			CreateAndSetChildDomain (34ms)
		EndReloadAssembly (944ms)
			LoadAssemblies (86ms)
			RebuildTransferFunctionScriptingTraits (0ms)
			SetupTypeCache (332ms)
			ReleaseScriptCaches (1ms)
			RebuildScriptCaches (42ms)
			SetupLoadedEditorAssemblies (373ms)
				LogAssemblyErrors (0ms)
				InitializePlatformSupportModulesInManaged (3ms)
				SetLoadedEditorAssemblies (0ms)
				RefreshPlugins (1ms)
				BeforeProcessingInitializeOnLoad (164ms)
				ProcessInitializeOnLoadAttributes (188ms)
				ProcessInitializeOnLoadMethodAttributes (9ms)
				AfterProcessingInitializeOnLoad (8ms)
				EditorAssembliesLoaded (0ms)
			ExecutionOrderSort2 (0ms)
			AwakeInstancesAfterBackupRestoration (10ms)
Platform modules already initialized, skipping
Refreshing native plugins compatible for Editor in 0.79 ms, found 2 plugins.
Preloading 0 native plugins for Editor in 0.00 ms.
Unloading 2857 Unused Serialized files (Serialized files now loaded: 0)
System memory in use before: 135.1 MB.
System memory in use after: 135.4 MB.

Unloading 16 unused Assets to reduce memory usage. Loaded Objects now: 3446.
Total: 3.195600 ms (FindLiveObjects: 0.290300 ms CreateObjectMapping: 0.131800 ms MarkObjects: 2.758800 ms  DeleteObjects: 0.013800 ms)

AssetImportParameters requested are different than current active one (requested -> active):
  custom:framework-win-MediaFoundation: 216162199b28c13a410421893ffa2e32 -> 
  custom:video-decoder-ogg-theora: a1e56fd34408186e4bbccfd4996cb3dc -> 
  custom:container-muxer-webm: aa71ff27fc2769a1b78a27578f13a17b -> 
  custom:container-demuxer-webm: 4f35f7cbe854078d1ac9338744f61a02 -> 
  custom:container-demuxer-ogg: 62fdf1f143b41e24485cea50d1cbac27 -> 
  custom:video-encoder-webm-vp8: eb34c28f22e8b96e1ab97ce403110664 -> 
  custom:video-decoder-webm-vp8: 9c59270c3fd7afecdb556c50c9e8de78 -> 
  custom:audio-decoder-ogg-vorbis: bf7c407c2cedff20999df2af8eb42d56 -> 
  custom:audio-encoder-webm-vorbis: bf7c407c2cedff20999df2af8eb42d56 -> 
========================================================================
Received Import Request.
  Time since last request: 7.568062 seconds.
  path: Assets/1.Scripts/Canvas/OptionsCanvas.cs
  artifactKey: Guid(c9f7ab54205da5e478bbbf2b66f1147b) Importer(815301076,1909f56bfc062723c751e8b465ee728b)
Start importing Assets/1.Scripts/Canvas/OptionsCanvas.cs using Guid(c9f7ab54205da5e478bbbf2b66f1147b) Importer(815301076,1909f56bfc062723c751e8b465ee728b)  -> (artifact id: '24082da579adecae54526a5595ee13b6') in 0.016937 seconds 
  Import took 0.021119 seconds .

========================================================================
Received Prepare
Registering precompiled user dll's ...
Registered in 0.005220 seconds.
Begin MonoManager ReloadAssembly
Native extension for WindowsStandalone target not found
Refreshing native plugins compatible for Editor in 0.87 ms, found 2 plugins.
Preloading 0 native plugins for Editor in 0.00 ms.
Mono: successfully reloaded assembly
- Completed reload, in  1.180 seconds
Domain Reload Profiling:
	ReloadAssembly (1181ms)
		BeginReloadAssembly (170ms)
			ExecutionOrderSort (0ms)
			DisableScriptedObjects (6ms)
			BackupInstance (0ms)
			ReleaseScriptingObjects (0ms)
			CreateAndSetChildDomain (76ms)
		EndReloadAssembly (927ms)
			LoadAssemblies (104ms)
			RebuildTransferFunctionScriptingTraits (0ms)
			SetupTypeCache (332ms)
			ReleaseScriptCaches (2ms)
			RebuildScriptCaches (53ms)
			SetupLoadedEditorAssemblies (331ms)
				LogAssemblyErrors (0ms)
				InitializePlatformSupportModulesInManaged (4ms)
				SetLoadedEditorAssemblies (0ms)
				RefreshPlugins (1ms)
				BeforeProcessingInitializeOnLoad (97ms)
				ProcessInitializeOnLoadAttributes (213ms)
				ProcessInitializeOnLoadMethodAttributes (8ms)
				AfterProcessingInitializeOnLoad (7ms)
				EditorAssembliesLoaded (0ms)
			ExecutionOrderSort2 (0ms)
			AwakeInstancesAfterBackupRestoration (8ms)
Platform modules already initialized, skipping
Refreshing native plugins compatible for Editor in 1.77 ms, found 2 plugins.
Preloading 0 native plugins for Editor in 0.00 ms.
Unloading 2857 Unused Serialized files (Serialized files now loaded: 0)
System memory in use before: 135.2 MB.
System memory in use after: 135.4 MB.

Unloading 16 unused Assets to reduce memory usage. Loaded Objects now: 3448.
Total: 3.177500 ms (FindLiveObjects: 0.534200 ms CreateObjectMapping: 0.145600 ms MarkObjects: 2.480600 ms  DeleteObjects: 0.016100 ms)

AssetImportParameters requested are different than current active one (requested -> active):
  custom:framework-win-MediaFoundation: 216162199b28c13a410421893ffa2e32 -> 
  custom:video-decoder-ogg-theora: a1e56fd34408186e4bbccfd4996cb3dc -> 
  custom:container-muxer-webm: aa71ff27fc2769a1b78a27578f13a17b -> 
  custom:container-demuxer-webm: 4f35f7cbe854078d1ac9338744f61a02 -> 
  custom:container-demuxer-ogg: 62fdf1f143b41e24485cea50d1cbac27 -> 
  custom:video-encoder-webm-vp8: eb34c28f22e8b96e1ab97ce403110664 -> 
  custom:video-decoder-webm-vp8: 9c59270c3fd7afecdb556c50c9e8de78 -> 
  custom:audio-decoder-ogg-vorbis: bf7c407c2cedff20999df2af8eb42d56 -> 
  custom:audio-encoder-webm-vorbis: bf7c407c2cedff20999df2af8eb42d56 -> 
========================================================================
Received Prepare
Registering precompiled user dll's ...
Registered in 0.010316 seconds.
Begin MonoManager ReloadAssembly
Native extension for WindowsStandalone target not found
Refreshing native plugins compatible for Editor in 0.91 ms, found 2 plugins.
Preloading 0 native plugins for Editor in 0.00 ms.
Mono: successfully reloaded assembly
- Completed reload, in  1.116 seconds
Domain Reload Profiling:
	ReloadAssembly (1116ms)
		BeginReloadAssembly (118ms)
			ExecutionOrderSort (0ms)
			DisableScriptedObjects (5ms)
			BackupInstance (0ms)
			ReleaseScriptingObjects (0ms)
			CreateAndSetChildDomain (41ms)
		EndReloadAssembly (929ms)
			LoadAssemblies (94ms)
			RebuildTransferFunctionScriptingTraits (0ms)
			SetupTypeCache (345ms)
			ReleaseScriptCaches (1ms)
			RebuildScriptCaches (43ms)
			SetupLoadedEditorAssemblies (322ms)
				LogAssemblyErrors (0ms)
				InitializePlatformSupportModulesInManaged (4ms)
				SetLoadedEditorAssemblies (1ms)
				RefreshPlugins (1ms)
				BeforeProcessingInitializeOnLoad (93ms)
				ProcessInitializeOnLoadAttributes (206ms)
				ProcessInitializeOnLoadMethodAttributes (9ms)
				AfterProcessingInitializeOnLoad (8ms)
				EditorAssembliesLoaded (0ms)
			ExecutionOrderSort2 (0ms)
			AwakeInstancesAfterBackupRestoration (9ms)
Platform modules already initialized, skipping
Refreshing native plugins compatible for Editor in 0.64 ms, found 2 plugins.
Preloading 0 native plugins for Editor in 0.00 ms.
Unloading 2857 Unused Serialized files (Serialized files now loaded: 0)
System memory in use before: 135.2 MB.
System memory in use after: 135.4 MB.

Unloading 16 unused Assets to reduce memory usage. Loaded Objects now: 3450.
Total: 3.334300 ms (FindLiveObjects: 0.287200 ms CreateObjectMapping: 0.143200 ms MarkObjects: 2.883000 ms  DeleteObjects: 0.019600 ms)

AssetImportParameters requested are different than current active one (requested -> active):
  custom:framework-win-MediaFoundation: 216162199b28c13a410421893ffa2e32 -> 
  custom:video-decoder-ogg-theora: a1e56fd34408186e4bbccfd4996cb3dc -> 
  custom:container-muxer-webm: aa71ff27fc2769a1b78a27578f13a17b -> 
  custom:container-demuxer-webm: 4f35f7cbe854078d1ac9338744f61a02 -> 
  custom:container-demuxer-ogg: 62fdf1f143b41e24485cea50d1cbac27 -> 
  custom:video-encoder-webm-vp8: eb34c28f22e8b96e1ab97ce403110664 -> 
  custom:video-decoder-webm-vp8: 9c59270c3fd7afecdb556c50c9e8de78 -> 
  custom:audio-decoder-ogg-vorbis: bf7c407c2cedff20999df2af8eb42d56 -> 
  custom:audio-encoder-webm-vorbis: bf7c407c2cedff20999df2af8eb42d56 -> 
========================================================================
Received Import Request.
  Time since last request: 528.525773 seconds.
  path: Assets/1.Scripts/Canvas/MenuCanvas/SelectCanvas.cs
  artifactKey: Guid(1c41f4845d1f566418b627079f71a93a) Importer(815301076,1909f56bfc062723c751e8b465ee728b)
Start importing Assets/1.Scripts/Canvas/MenuCanvas/SelectCanvas.cs using Guid(1c41f4845d1f566418b627079f71a93a) Importer(815301076,1909f56bfc062723c751e8b465ee728b)  -> (artifact id: '3500f4182c84ec4cc48b5f111f44fc3a') in 0.010292 seconds 
  Import took 0.016694 seconds .

========================================================================
Received Prepare
Registering precompiled user dll's ...
Registered in 0.010565 seconds.
Begin MonoManager ReloadAssembly
Native extension for WindowsStandalone target not found
Refreshing native plugins compatible for Editor in 0.65 ms, found 2 plugins.
Preloading 0 native plugins for Editor in 0.00 ms.
Mono: successfully reloaded assembly
- Completed reload, in  1.133 seconds
Domain Reload Profiling:
	ReloadAssembly (1133ms)
		BeginReloadAssembly (110ms)
			ExecutionOrderSort (0ms)
			DisableScriptedObjects (4ms)
			BackupInstance (0ms)
			ReleaseScriptingObjects (0ms)
			CreateAndSetChildDomain (37ms)
		EndReloadAssembly (959ms)
			LoadAssemblies (94ms)
			RebuildTransferFunctionScriptingTraits (0ms)
			SetupTypeCache (319ms)
			ReleaseScriptCaches (1ms)
			RebuildScriptCaches (47ms)
			SetupLoadedEditorAssemblies (349ms)
				LogAssemblyErrors (0ms)
				InitializePlatformSupportModulesInManaged (4ms)
				SetLoadedEditorAssemblies (0ms)
				RefreshPlugins (1ms)
				BeforeProcessingInitializeOnLoad (104ms)
				ProcessInitializeOnLoadAttributes (223ms)
				ProcessInitializeOnLoadMethodAttributes (9ms)
				AfterProcessingInitializeOnLoad (8ms)
				EditorAssembliesLoaded (0ms)
			ExecutionOrderSort2 (0ms)
			AwakeInstancesAfterBackupRestoration (10ms)
Platform modules already initialized, skipping
Refreshing native plugins compatible for Editor in 3.32 ms, found 2 plugins.
Preloading 0 native plugins for Editor in 0.00 ms.
Unloading 2857 Unused Serialized files (Serialized files now loaded: 0)
System memory in use before: 135.2 MB.
System memory in use after: 135.4 MB.

Unloading 16 unused Assets to reduce memory usage. Loaded Objects now: 3452.
Total: 3.891500 ms (FindLiveObjects: 0.376100 ms CreateObjectMapping: 0.208500 ms MarkObjects: 3.285300 ms  DeleteObjects: 0.020000 ms)

AssetImportParameters requested are different than current active one (requested -> active):
  custom:framework-win-MediaFoundation: 216162199b28c13a410421893ffa2e32 -> 
  custom:video-decoder-ogg-theora: a1e56fd34408186e4bbccfd4996cb3dc -> 
  custom:container-muxer-webm: aa71ff27fc2769a1b78a27578f13a17b -> 
  custom:container-demuxer-webm: 4f35f7cbe854078d1ac9338744f61a02 -> 
  custom:container-demuxer-ogg: 62fdf1f143b41e24485cea50d1cbac27 -> 
  custom:video-encoder-webm-vp8: eb34c28f22e8b96e1ab97ce403110664 -> 
  custom:video-decoder-webm-vp8: 9c59270c3fd7afecdb556c50c9e8de78 -> 
  custom:audio-decoder-ogg-vorbis: bf7c407c2cedff20999df2af8eb42d56 -> 
  custom:audio-encoder-webm-vorbis: bf7c407c2cedff20999df2af8eb42d56 -> 
========================================================================
Received Import Request.
  Time since last request: 666.716500 seconds.
  path: Assets/6.Imports/Destroyed_city_FREE/Prefabs/Light Flares/Sun.flare
  artifactKey: Guid(09ebe82dbd1113c3d000dc0b8d76c639) Importer(815301076,1909f56bfc062723c751e8b465ee728b)
Start importing Assets/6.Imports/Destroyed_city_FREE/Prefabs/Light Flares/Sun.flare using Guid(09ebe82dbd1113c3d000dc0b8d76c639) Importer(815301076,1909f56bfc062723c751e8b465ee728b)  -> (artifact id: '4049e395eb392059b37be9fcefd4dde6') in 0.064235 seconds 
  Import took 0.069721 seconds .

========================================================================
Received Import Request.
  Time since last request: 68.038673 seconds.
  path: Assets/2.Scenes/MainScene.unity
  artifactKey: Guid(97f7d7fe107b30640887ca6a4b233e9b) Importer(815301076,1909f56bfc062723c751e8b465ee728b)
Start importing Assets/2.Scenes/MainScene.unity using Guid(97f7d7fe107b30640887ca6a4b233e9b) Importer(815301076,1909f56bfc062723c751e8b465ee728b)  -> (artifact id: '49fd22a8a280c42c195925f24bc0bef6') in 0.006186 seconds 
  Import took 0.013290 seconds .

========================================================================
Received Import Request.
  Time since last request: 169.598614 seconds.
  path: Assets/6.Imports/RPG_FPS_game_assets_industrial/Roads/Road_sets/Road_set_v1/Source
  artifactKey: Guid(383dd7be41de5d24c922f6b15e544f89) Importer(815301076,1909f56bfc062723c751e8b465ee728b)
Start importing Assets/6.Imports/RPG_FPS_game_assets_industrial/Roads/Road_sets/Road_set_v1/Source using Guid(383dd7be41de5d24c922f6b15e544f89) Importer(815301076,1909f56bfc062723c751e8b465ee728b)  -> (artifact id: 'eeff4b00900cd5a2928890bf820ddd94') in 0.003830 seconds 
  Import took 0.010393 seconds .

========================================================================
Received Import Request.
  Time since last request: 0.052118 seconds.
  path: Assets/6.Imports/RPG_FPS_game_assets_industrial/Roads/Road_sets/Road_set_v1/Source/Road_set_v1.FBX
  artifactKey: Guid(c7f7a9ec09a97d144963b6dd16448dc3) Importer(815301076,1909f56bfc062723c751e8b465ee728b)
Start importing Assets/6.Imports/RPG_FPS_game_assets_industrial/Roads/Road_sets/Road_set_v1/Source/Road_set_v1.FBX using Guid(c7f7a9ec09a97d144963b6dd16448dc3) Importer(815301076,1909f56bfc062723c751e8b465ee728b)  -> (artifact id: 'a497556c32c6dad95197fdb3df9db157') in 0.538137 seconds 
  Import took 0.543439 seconds .

========================================================================
Received Import Request.
  Time since last request: 837.334763 seconds.
  path: Assets/6.Imports/RPG_FPS_game_assets_industrial/Roads/Road_sets/Road_set_v1/Road_set_v1_s_tile_2.prefab
  artifactKey: Guid(a4ea7ad660a6e4241aff4002d350fe80) Importer(815301076,1909f56bfc062723c751e8b465ee728b)
Start importing Assets/6.Imports/RPG_FPS_game_assets_industrial/Roads/Road_sets/Road_set_v1/Road_set_v1_s_tile_2.prefab using Guid(a4ea7ad660a6e4241aff4002d350fe80) Importer(815301076,1909f56bfc062723c751e8b465ee728b)  -> (artifact id: 'd124f1b711fb3b6e3dc9061f624cf057') in 0.025258 seconds 
  Import took 0.033056 seconds .

========================================================================
Received Import Request.
  Time since last request: 145.499636 seconds.
  path: Assets/6.Imports/RPG_FPS_game_assets_industrial/Roads/Floor_elevation_sets/UNIFloor_elevation_set_v1/Source
  artifactKey: Guid(a47416d81367b1c4e84a7b077f53957e) Importer(815301076,1909f56bfc062723c751e8b465ee728b)
Start importing Assets/6.Imports/RPG_FPS_game_assets_industrial/Roads/Floor_elevation_sets/UNIFloor_elevation_set_v1/Source using Guid(a47416d81367b1c4e84a7b077f53957e) Importer(815301076,1909f56bfc062723c751e8b465ee728b)  -> (artifact id: '08223b42f6a88e6dde06fa0f57b26f7d') in 0.002652 seconds 
  Import took 0.009780 seconds .

========================================================================
Received Import Request.
  Time since last request: 0.048851 seconds.
  path: Assets/6.Imports/RPG_FPS_game_assets_industrial/Roads/Floor_elevation_sets/UNIFloor_elevation_set_v1/Source/UNIFloor_elevation_set_v1.FBX
  artifactKey: Guid(c6d026d6367d43a438c71a59c9da8290) Importer(815301076,1909f56bfc062723c751e8b465ee728b)
Start importing Assets/6.Imports/RPG_FPS_game_assets_industrial/Roads/Floor_elevation_sets/UNIFloor_elevation_set_v1/Source/UNIFloor_elevation_set_v1.FBX using Guid(c6d026d6367d43a438c71a59c9da8290) Importer(815301076,1909f56bfc062723c751e8b465ee728b)  -> (artifact id: '7df82d885b9b42e1168eec3f9e56e36e') in 0.239660 seconds 
  Import took 0.245504 seconds .

========================================================================
Received Import Request.
  Time since last request: 2105.065532 seconds.
  path: Assets/6.Imports/RPG_FPS_game_assets_industrial/Dumpsters
  artifactKey: Guid(062eb9e9ae635e54ab2034c2a84107b4) Importer(815301076,1909f56bfc062723c751e8b465ee728b)
Start importing Assets/6.Imports/RPG_FPS_game_assets_industrial/Dumpsters using Guid(062eb9e9ae635e54ab2034c2a84107b4) Importer(815301076,1909f56bfc062723c751e8b465ee728b)  -> (artifact id: '7d4a28b67251a3bba1d1a019ca02a5b6') in 0.006150 seconds 
  Import took 0.039941 seconds .

========================================================================
Received Import Request.
  Time since last request: 1.927553 seconds.
  path: Assets/6.Imports/RPG_FPS_game_assets_industrial/Dumpsters/Dumpsters_v1
  artifactKey: Guid(098703f88d0ceb448b123d66ee6e3683) Importer(815301076,1909f56bfc062723c751e8b465ee728b)
Start importing Assets/6.Imports/RPG_FPS_game_assets_industrial/Dumpsters/Dumpsters_v1 using Guid(098703f88d0ceb448b123d66ee6e3683) Importer(815301076,1909f56bfc062723c751e8b465ee728b)  -> (artifact id: 'bd3143141281f943f6bef3736f066625') in 0.003468 seconds 
  Import took 0.009724 seconds .

========================================================================
Received Import Request.
  Time since last request: 0.042991 seconds.
  path: Assets/6.Imports/RPG_FPS_game_assets_industrial/Dumpsters/Dumpsters_v1/Dumpsters_v1_empty.prefab
  artifactKey: Guid(94a643c50b8c98e488ed29457fc57cb6) Importer(815301076,1909f56bfc062723c751e8b465ee728b)
Start importing Assets/6.Imports/RPG_FPS_game_assets_industrial/Dumpsters/Dumpsters_v1/Dumpsters_v1_empty.prefab using Guid(94a643c50b8c98e488ed29457fc57cb6) Importer(815301076,1909f56bfc062723c751e8b465ee728b)  -> (artifact id: '4e1c6774deabca48d5de208b53dab8f7') in 0.050447 seconds 
  Import took 0.055905 seconds .

========================================================================
Received Import Request.
  Time since last request: 0.000284 seconds.
  path: Assets/6.Imports/RPG_FPS_game_assets_industrial/Dumpsters/Dumpsters_v1/Dumpsters_v1_garbadge.prefab
  artifactKey: Guid(721671003a026be4fb47107988831b38) Importer(815301076,1909f56bfc062723c751e8b465ee728b)
Start importing Assets/6.Imports/RPG_FPS_game_assets_industrial/Dumpsters/Dumpsters_v1/Dumpsters_v1_garbadge.prefab using Guid(721671003a026be4fb47107988831b38) Importer(815301076,1909f56bfc062723c751e8b465ee728b)  -> (artifact id: 'e881617deb15473156a6b4044487010c') in 0.014364 seconds 
  Import took 0.018935 seconds .

========================================================================
Received Import Request.
  Time since last request: 1412.354946 seconds.
  path: Assets/6.Imports/RPG_FPS_game_assets_industrial/Fences
  artifactKey: Guid(7023b9abea554d24f8838b3e467e6a3c) Importer(815301076,1909f56bfc062723c751e8b465ee728b)
Start importing Assets/6.Imports/RPG_FPS_game_assets_industrial/Fences using Guid(7023b9abea554d24f8838b3e467e6a3c) Importer(815301076,1909f56bfc062723c751e8b465ee728b)  -> (artifact id: '5b1d12dc37b21fc99e6000779d8dd36d') in 0.015055 seconds 
  Import took 0.021823 seconds .

========================================================================
Received Import Request.
  Time since last request: 1.053504 seconds.
  path: Assets/6.Imports/RPG_FPS_game_assets_industrial/Fences/Road_blocks
  artifactKey: Guid(48e28b89e35a7fe40ae2d72d5079f022) Importer(815301076,1909f56bfc062723c751e8b465ee728b)
Start importing Assets/6.Imports/RPG_FPS_game_assets_industrial/Fences/Road_blocks using Guid(48e28b89e35a7fe40ae2d72d5079f022) Importer(815301076,1909f56bfc062723c751e8b465ee728b)  -> (artifact id: '59da2d093bb432248eb40abb80f1e6ff') in 0.004042 seconds 
  Import took 0.008918 seconds .

========================================================================
Received Import Request.
  Time since last request: 0.641203 seconds.
  path: Assets/6.Imports/RPG_FPS_game_assets_industrial/Fences/Road_blocks/Road_block_v1
  artifactKey: Guid(485972e0519cb77429ce793f21c204ba) Importer(815301076,1909f56bfc062723c751e8b465ee728b)
Start importing Assets/6.Imports/RPG_FPS_game_assets_industrial/Fences/Road_blocks/Road_block_v1 using Guid(485972e0519cb77429ce793f21c204ba) Importer(815301076,1909f56bfc062723c751e8b465ee728b)  -> (artifact id: 'f39a5ccffaf4d7d5d2183c4cd8030050') in 0.003877 seconds 
  Import took 0.009572 seconds .

========================================================================
Received Import Request.
  Time since last request: 0.049343 seconds.
  path: Assets/6.Imports/RPG_FPS_game_assets_industrial/Fences/Road_blocks/Road_block_v1/Road_block_v1.prefab
  artifactKey: Guid(36667f34d4b750c4695e409fb89b51f8) Importer(815301076,1909f56bfc062723c751e8b465ee728b)
Start importing Assets/6.Imports/RPG_FPS_game_assets_industrial/Fences/Road_blocks/Road_block_v1/Road_block_v1.prefab using Guid(36667f34d4b750c4695e409fb89b51f8) Importer(815301076,1909f56bfc062723c751e8b465ee728b)  -> (artifact id: '188d44a52859f3f1c7c2960067ec0604') in 0.024404 seconds 
  Import took 0.028931 seconds .

========================================================================
Received Import Request.
  Time since last request: 3.047605 seconds.
  path: Assets/6.Imports/RPG_FPS_game_assets_industrial/Fences/Road_blocks/Road_block_v1/Source
  artifactKey: Guid(22a618330c2ed3a45ab214e1041ba72a) Importer(815301076,1909f56bfc062723c751e8b465ee728b)
Start importing Assets/6.Imports/RPG_FPS_game_assets_industrial/Fences/Road_blocks/Road_block_v1/Source using Guid(22a618330c2ed3a45ab214e1041ba72a) Importer(815301076,1909f56bfc062723c751e8b465ee728b)  -> (artifact id: 'fdb13eefb3c0fecccfa0ef39b9247c53') in 0.004506 seconds 
  Import took 0.010361 seconds .

========================================================================
Received Import Request.
  Time since last request: 0.055325 seconds.
  path: Assets/6.Imports/RPG_FPS_game_assets_industrial/Fences/Road_blocks/Road_block_v1/Source/Road_block_v1.FBX
  artifactKey: Guid(80030beb64998ca41b76b2ccf9866276) Importer(815301076,1909f56bfc062723c751e8b465ee728b)
Start importing Assets/6.Imports/RPG_FPS_game_assets_industrial/Fences/Road_blocks/Road_block_v1/Source/Road_block_v1.FBX using Guid(80030beb64998ca41b76b2ccf9866276) Importer(815301076,1909f56bfc062723c751e8b465ee728b)  -> (artifact id: 'bc4778777e2d0cd7e6994abbede72fb7') in 0.018723 seconds 
  Import took 0.023414 seconds .

========================================================================
Received Import Request.
  Time since last request: 0.000333 seconds.
  path: Assets/6.Imports/RPG_FPS_game_assets_industrial/Fences/Road_blocks/Road_block_v1/Source/Road_block_v1.mat
  artifactKey: Guid(2d466dac55e3cd54ba41e1af2e5e0b6c) Importer(815301076,1909f56bfc062723c751e8b465ee728b)
Start importing Assets/6.Imports/RPG_FPS_game_assets_industrial/Fences/Road_blocks/Road_block_v1/Source/Road_block_v1.mat using Guid(2d466dac55e3cd54ba41e1af2e5e0b6c) Importer(815301076,1909f56bfc062723c751e8b465ee728b)  -> (artifact id: '59f664665a80f04b24b6c76fb11731d2') in 0.070643 seconds 
  Import took 0.074878 seconds .

========================================================================
Received Import Request.
  Time since last request: 0.000274 seconds.
  path: Assets/6.Imports/RPG_FPS_game_assets_industrial/Fences/Road_blocks/Road_block_v1/Source/Road_block_v1.tga
  artifactKey: Guid(5c58c78889685f04380b9192970c5227) Importer(815301076,1909f56bfc062723c751e8b465ee728b)
Start importing Assets/6.Imports/RPG_FPS_game_assets_industrial/Fences/Road_blocks/Road_block_v1/Source/Road_block_v1.tga using Guid(5c58c78889685f04380b9192970c5227) Importer(815301076,1909f56bfc062723c751e8b465ee728b)  -> (artifact id: 'de2fd780cc9a3904642ece5fb8980569') in 0.026719 seconds 
  Import took 0.030868 seconds .

========================================================================
Received Import Request.
  Time since last request: 1129.061244 seconds.
  path: Assets/6.Imports/RPG_FPS_game_assets_industrial/Oil_tanks/Oil_tank_v2
  artifactKey: Guid(2292b0450cd8f3747a9930fa8b7bade8) Importer(815301076,1909f56bfc062723c751e8b465ee728b)
Start importing Assets/6.Imports/RPG_FPS_game_assets_industrial/Oil_tanks/Oil_tank_v2 using Guid(2292b0450cd8f3747a9930fa8b7bade8) Importer(815301076,1909f56bfc062723c751e8b465ee728b)  -> (artifact id: 'a371fb6c6413f7f39570c0d4305a81dd') in 0.004123 seconds 
  Import took 0.011306 seconds .

========================================================================
Received Import Request.
  Time since last request: 0.046926 seconds.
  path: Assets/6.Imports/RPG_FPS_game_assets_industrial/Oil_tanks/Oil_tank_v2/Oil_tank_v2.prefab
  artifactKey: Guid(39485138b2c1f4d41bdd3846e259ffea) Importer(815301076,1909f56bfc062723c751e8b465ee728b)
Start importing Assets/6.Imports/RPG_FPS_game_assets_industrial/Oil_tanks/Oil_tank_v2/Oil_tank_v2.prefab using Guid(39485138b2c1f4d41bdd3846e259ffea) Importer(815301076,1909f56bfc062723c751e8b465ee728b)  -> (artifact id: '5914ee64e7617963d11de9e9dd8c4e09') in 0.019131 seconds 
  Import took 0.024982 seconds .

========================================================================
Received Import Request.
  Time since last request: 4205.400656 seconds.
  path: Assets/6.Imports/RPG_FPS_game_assets_industrial/Boxes
  artifactKey: Guid(8ec65bee3ba4fe246be437af1457c34b) Importer(815301076,1909f56bfc062723c751e8b465ee728b)
Start importing Assets/6.Imports/RPG_FPS_game_assets_industrial/Boxes using Guid(8ec65bee3ba4fe246be437af1457c34b) Importer(815301076,1909f56bfc062723c751e8b465ee728b)  -> (artifact id: '9854d3686064fbc71a87cf2bed0ffbdf') in 0.011433 seconds 
  Import took 0.080134 seconds .

========================================================================
Received Import Request.
  Time since last request: 0.439786 seconds.
  path: Assets/6.Imports/RPG_FPS_game_assets_industrial/Boxes/Wooden_box_v1
  artifactKey: Guid(5803d6cbccabce247b4e5ce59393fe08) Importer(815301076,1909f56bfc062723c751e8b465ee728b)
Start importing Assets/6.Imports/RPG_FPS_game_assets_industrial/Boxes/Wooden_box_v1 using Guid(5803d6cbccabce247b4e5ce59393fe08) Importer(815301076,1909f56bfc062723c751e8b465ee728b)  -> (artifact id: '362be5b50e17d9312cf45f149554cd42') in 0.007493 seconds 
  Import took 0.017357 seconds .

========================================================================
Received Import Request.
  Time since last request: 0.051979 seconds.
  path: Assets/6.Imports/RPG_FPS_game_assets_industrial/Boxes/Wooden_box_v1/Wooden_box_v1_LD1.prefab
  artifactKey: Guid(9d1bb44d500a3ad489d3cb3a6900199f) Importer(815301076,1909f56bfc062723c751e8b465ee728b)
Start importing Assets/6.Imports/RPG_FPS_game_assets_industrial/Boxes/Wooden_box_v1/Wooden_box_v1_LD1.prefab using Guid(9d1bb44d500a3ad489d3cb3a6900199f) Importer(815301076,1909f56bfc062723c751e8b465ee728b)  -> (artifact id: '8fe778318c240cd00e7b19075e525ccb') in 0.090780 seconds 
  Import took 0.101871 seconds .

========================================================================
Received Import Request.
  Time since last request: 0.000595 seconds.
  path: Assets/6.Imports/RPG_FPS_game_assets_industrial/Boxes/Wooden_box_v1/Wooden_box_v1_LD2.prefab
  artifactKey: Guid(a50af88759b02d74b8328377b33ab3e8) Importer(815301076,1909f56bfc062723c751e8b465ee728b)
Start importing Assets/6.Imports/RPG_FPS_game_assets_industrial/Boxes/Wooden_box_v1/Wooden_box_v1_LD2.prefab using Guid(a50af88759b02d74b8328377b33ab3e8) Importer(815301076,1909f56bfc062723c751e8b465ee728b)  -> (artifact id: '8fcb7fc906fff9ecdcf939253158e68e') in 0.054899 seconds 
  Import took 0.066112 seconds .

========================================================================
Received Import Request.
  Time since last request: 0.000782 seconds.
  path: Assets/6.Imports/RPG_FPS_game_assets_industrial/Boxes/Wooden_box_v1/Wooden_box_v1_LD2square.prefab
  artifactKey: Guid(395dcd74773407e4faa9906eedf6f75d) Importer(815301076,1909f56bfc062723c751e8b465ee728b)
Start importing Assets/6.Imports/RPG_FPS_game_assets_industrial/Boxes/Wooden_box_v1/Wooden_box_v1_LD2square.prefab using Guid(395dcd74773407e4faa9906eedf6f75d) Importer(815301076,1909f56bfc062723c751e8b465ee728b)  -> (artifact id: '4274c86d0023c41d9abc9aece3d948d8') in 0.032007 seconds 
  Import took 0.044214 seconds .

========================================================================
Received Import Request.
  Time since last request: 0.000811 seconds.
  path: Assets/6.Imports/RPG_FPS_game_assets_industrial/Boxes/Wooden_box_v1/Wooden_box_v1_LD1square.prefab
  artifactKey: Guid(6857ff1d3761e21479727f3b27cc8f68) Importer(815301076,1909f56bfc062723c751e8b465ee728b)
Start importing Assets/6.Imports/RPG_FPS_game_assets_industrial/Boxes/Wooden_box_v1/Wooden_box_v1_LD1square.prefab using Guid(6857ff1d3761e21479727f3b27cc8f68) Importer(815301076,1909f56bfc062723c751e8b465ee728b)  -> (artifact id: '3ab58c664d6c516ce5cd5b1e57dc00af') in 0.031888 seconds 
  Import took 0.043151 seconds .

========================================================================
Received Import Request.
  Time since last request: 1255.734568 seconds.
  path: Assets/6.Imports/RPG_FPS_game_assets_industrial/Other_props/Generators
  artifactKey: Guid(29dbb280b891dff469de682937b07762) Importer(815301076,1909f56bfc062723c751e8b465ee728b)
Start importing Assets/6.Imports/RPG_FPS_game_assets_industrial/Other_props/Generators using Guid(29dbb280b891dff469de682937b07762) Importer(815301076,1909f56bfc062723c751e8b465ee728b)  -> (artifact id: '419676d2e39eab6810e426cc95551c9f') in 0.017150 seconds 
  Import took 0.027397 seconds .

========================================================================
Received Import Request.
  Time since last request: 1.225833 seconds.
  path: Assets/6.Imports/RPG_FPS_game_assets_industrial/Other_props/Generators/Generator_v1
  artifactKey: Guid(c2b2509f4d9c8a043b1ab31ce51e03f9) Importer(815301076,1909f56bfc062723c751e8b465ee728b)
Start importing Assets/6.Imports/RPG_FPS_game_assets_industrial/Other_props/Generators/Generator_v1 using Guid(c2b2509f4d9c8a043b1ab31ce51e03f9) Importer(815301076,1909f56bfc062723c751e8b465ee728b)  -> (artifact id: 'f2d5f01e010baf1413d50384dfe183d0') in 0.016746 seconds 
  Import took 0.024361 seconds .

========================================================================
Received Import Request.
  Time since last request: 0.030235 seconds.
  path: Assets/6.Imports/RPG_FPS_game_assets_industrial/Other_props/Generators/Generator_v1/Generator_v1.prefab
  artifactKey: Guid(46132fa6877a42947bf1f7f15c09f435) Importer(815301076,1909f56bfc062723c751e8b465ee728b)
Start importing Assets/6.Imports/RPG_FPS_game_assets_industrial/Other_props/Generators/Generator_v1/Generator_v1.prefab using Guid(46132fa6877a42947bf1f7f15c09f435) Importer(815301076,1909f56bfc062723c751e8b465ee728b)  -> (artifact id: '637672fbb9ba7fb6dbd097eebc3454c9') in 0.033318 seconds 
  Import took 0.040071 seconds .

========================================================================
Received Import Request.
  Time since last request: 4.933550 seconds.
  path: Assets/6.Imports/RPG_FPS_game_assets_industrial/Buildings/Industrial/Hangars/Hangar_v5
  artifactKey: Guid(bcb8a2f570ae9594cb943dcfc5487a8b) Importer(815301076,1909f56bfc062723c751e8b465ee728b)
Start importing Assets/6.Imports/RPG_FPS_game_assets_industrial/Buildings/Industrial/Hangars/Hangar_v5 using Guid(bcb8a2f570ae9594cb943dcfc5487a8b) Importer(815301076,1909f56bfc062723c751e8b465ee728b)  -> (artifact id: '1a2d230273ca75cc66a574326bf85f3e') in 0.016004 seconds 
  Import took 0.023654 seconds .

========================================================================
Received Import Request.
  Time since last request: 0.045700 seconds.
  path: Assets/6.Imports/RPG_FPS_game_assets_industrial/Buildings/Industrial/Hangars/Hangar_v5/Hangar_v5_1_EP1.prefab
  artifactKey: Guid(e65911a1a299b3244bae360547203d64) Importer(815301076,1909f56bfc062723c751e8b465ee728b)
Start importing Assets/6.Imports/RPG_FPS_game_assets_industrial/Buildings/Industrial/Hangars/Hangar_v5/Hangar_v5_1_EP1.prefab using Guid(e65911a1a299b3244bae360547203d64) Importer(815301076,1909f56bfc062723c751e8b465ee728b)  -> (artifact id: '0d9d389d860160b6f152a2cdd4d40f4c') in 0.054259 seconds 
  Import took 0.060465 seconds .

========================================================================
Received Import Request.
  Time since last request: 0.000472 seconds.
  path: Assets/6.Imports/RPG_FPS_game_assets_industrial/Buildings/Industrial/Hangars/Hangar_v5/Hangar_v5_1_EP2.prefab
  artifactKey: Guid(6ba935b82d3a0c84a819a0bf925b86bd) Importer(815301076,1909f56bfc062723c751e8b465ee728b)
Start importing Assets/6.Imports/RPG_FPS_game_assets_industrial/Buildings/Industrial/Hangars/Hangar_v5/Hangar_v5_1_EP2.prefab using Guid(6ba935b82d3a0c84a819a0bf925b86bd) Importer(815301076,1909f56bfc062723c751e8b465ee728b)  -> (artifact id: '530c9ccac71ebe3ca4d29eddd5e5312f') in 0.028940 seconds 
  Import took 0.035706 seconds .

========================================================================
Received Import Request.
  Time since last request: 0.000409 seconds.
  path: Assets/6.Imports/RPG_FPS_game_assets_industrial/Buildings/Industrial/Hangars/Hangar_v5/Hangar_v5_1_EP7.prefab
  artifactKey: Guid(532a5490ef1d80f4b8611aab89843b4a) Importer(815301076,1909f56bfc062723c751e8b465ee728b)
Start importing Assets/6.Imports/RPG_FPS_game_assets_industrial/Buildings/Industrial/Hangars/Hangar_v5/Hangar_v5_1_EP7.prefab using Guid(532a5490ef1d80f4b8611aab89843b4a) Importer(815301076,1909f56bfc062723c751e8b465ee728b)  -> (artifact id: 'de48bdd8a73c301322a2dbe522d0ec49') in 0.030592 seconds 
  Import took 0.036654 seconds .

========================================================================
Received Import Request.
  Time since last request: 0.000483 seconds.
  path: Assets/6.Imports/RPG_FPS_game_assets_industrial/Buildings/Industrial/Hangars/Hangar_v5/Hangar_v5_1_EP4.prefab
  artifactKey: Guid(2211b68b1c8d117478803441a780ac9a) Importer(815301076,1909f56bfc062723c751e8b465ee728b)
Start importing Assets/6.Imports/RPG_FPS_game_assets_industrial/Buildings/Industrial/Hangars/Hangar_v5/Hangar_v5_1_EP4.prefab using Guid(2211b68b1c8d117478803441a780ac9a) Importer(815301076,1909f56bfc062723c751e8b465ee728b)  -> (artifact id: 'fbb63eb3744a9e6c493d49ab724cea51') in 0.028409 seconds 
  Import took 0.034784 seconds .

========================================================================
Received Import Request.
  Time since last request: 0.000525 seconds.
  path: Assets/6.Imports/RPG_FPS_game_assets_industrial/Buildings/Industrial/Hangars/Hangar_v5/Hangar_v5_1_TP2.prefab
  artifactKey: Guid(eec9e14dd967f0445a2a9426c628a2b2) Importer(815301076,1909f56bfc062723c751e8b465ee728b)
Start importing Assets/6.Imports/RPG_FPS_game_assets_industrial/Buildings/Industrial/Hangars/Hangar_v5/Hangar_v5_1_TP2.prefab using Guid(eec9e14dd967f0445a2a9426c628a2b2) Importer(815301076,1909f56bfc062723c751e8b465ee728b)  -> (artifact id: '8c1abaafa05185bca0531b0e8357af18') in 0.027445 seconds 
  Import took 0.034055 seconds .

========================================================================
Received Import Request.
  Time since last request: 0.000708 seconds.
  path: Assets/6.Imports/RPG_FPS_game_assets_industrial/Buildings/Industrial/Hangars/Hangar_v5/Hangar_v5_1_EP5.prefab
  artifactKey: Guid(b2b88e6d305ecd849a18aaa1f228629f) Importer(815301076,1909f56bfc062723c751e8b465ee728b)
Start importing Assets/6.Imports/RPG_FPS_game_assets_industrial/Buildings/Industrial/Hangars/Hangar_v5/Hangar_v5_1_EP5.prefab using Guid(b2b88e6d305ecd849a18aaa1f228629f) Importer(815301076,1909f56bfc062723c751e8b465ee728b)  -> (artifact id: '1e2b86ea921a6a19d898350a45f3b616') in 0.023646 seconds 
  Import took 0.031883 seconds .

========================================================================
Received Import Request.
  Time since last request: 0.000553 seconds.
  path: Assets/6.Imports/RPG_FPS_game_assets_industrial/Buildings/Industrial/Hangars/Hangar_v5/Hangar_v5_1_TP9.prefab
  artifactKey: Guid(5566f1f0bb068454ba964957a0037e1c) Importer(815301076,1909f56bfc062723c751e8b465ee728b)
Start importing Assets/6.Imports/RPG_FPS_game_assets_industrial/Buildings/Industrial/Hangars/Hangar_v5/Hangar_v5_1_TP9.prefab using Guid(5566f1f0bb068454ba964957a0037e1c) Importer(815301076,1909f56bfc062723c751e8b465ee728b)  -> (artifact id: 'a34d7568b12756f2355fb24e4f144765') in 0.029008 seconds 
  Import took 0.035183 seconds .

========================================================================
Received Import Request.
  Time since last request: 0.000524 seconds.
  path: Assets/6.Imports/RPG_FPS_game_assets_industrial/Buildings/Industrial/Hangars/Hangar_v5/Hangar_v5_1_TP3.prefab
  artifactKey: Guid(ce073122d54eb174db18efe2e74abb55) Importer(815301076,1909f56bfc062723c751e8b465ee728b)
Start importing Assets/6.Imports/RPG_FPS_game_assets_industrial/Buildings/Industrial/Hangars/Hangar_v5/Hangar_v5_1_TP3.prefab using Guid(ce073122d54eb174db18efe2e74abb55) Importer(815301076,1909f56bfc062723c751e8b465ee728b)  -> (artifact id: 'a1dd21b2364cfbe908c2d31bdc5726f2') in 0.028919 seconds 
  Import took 0.037151 seconds .

========================================================================
Received Import Request.
  Time since last request: 0.000404 seconds.
  path: Assets/6.Imports/RPG_FPS_game_assets_industrial/Buildings/Industrial/Hangars/Hangar_v5/Hangar_v5_1_EP3.prefab
  artifactKey: Guid(19f083ab5ba6a24438184f6f3c0e66b6) Importer(815301076,1909f56bfc062723c751e8b465ee728b)
Start importing Assets/6.Imports/RPG_FPS_game_assets_industrial/Buildings/Industrial/Hangars/Hangar_v5/Hangar_v5_1_EP3.prefab using Guid(19f083ab5ba6a24438184f6f3c0e66b6) Importer(815301076,1909f56bfc062723c751e8b465ee728b)  -> (artifact id: '9a307300f316efab69026af7dd1a2ead') in 0.027653 seconds 
  Import took 0.034334 seconds .

========================================================================
Received Import Request.
  Time since last request: 0.000446 seconds.
  path: Assets/6.Imports/RPG_FPS_game_assets_industrial/Buildings/Industrial/Hangars/Hangar_v5/Hangar_v5_1_TP7.prefab
  artifactKey: Guid(4debf40cf14d97d4dafad7fa533fa16c) Importer(815301076,1909f56bfc062723c751e8b465ee728b)
Start importing Assets/6.Imports/RPG_FPS_game_assets_industrial/Buildings/Industrial/Hangars/Hangar_v5/Hangar_v5_1_TP7.prefab using Guid(4debf40cf14d97d4dafad7fa533fa16c) Importer(815301076,1909f56bfc062723c751e8b465ee728b)  -> (artifact id: '3d0c86056b8b45342415b2b2c51dadfb') in 0.026743 seconds 
  Import took 0.034789 seconds .

========================================================================
Received Import Request.
  Time since last request: 0.000630 seconds.
  path: Assets/6.Imports/RPG_FPS_game_assets_industrial/Buildings/Industrial/Hangars/Hangar_v5/Hangar_v5_1_TP10.prefab
  artifactKey: Guid(43c7a2ea4d301a44fbcc804aeab4aa1b) Importer(815301076,1909f56bfc062723c751e8b465ee728b)
Start importing Assets/6.Imports/RPG_FPS_game_assets_industrial/Buildings/Industrial/Hangars/Hangar_v5/Hangar_v5_1_TP10.prefab using Guid(43c7a2ea4d301a44fbcc804aeab4aa1b) Importer(815301076,1909f56bfc062723c751e8b465ee728b)  -> (artifact id: '51d3031e449db502a38a0e3bea46cfec') in 0.027612 seconds 
  Import took 0.035921 seconds .

========================================================================
Received Import Request.
  Time since last request: 0.000434 seconds.
  path: Assets/6.Imports/RPG_FPS_game_assets_industrial/Buildings/Industrial/Hangars/Hangar_v5/Hangar_v5_1_EP6.prefab
  artifactKey: Guid(38445dba8e7dfb6468b70decedc74d1e) Importer(815301076,1909f56bfc062723c751e8b465ee728b)
Start importing Assets/6.Imports/RPG_FPS_game_assets_industrial/Buildings/Industrial/Hangars/Hangar_v5/Hangar_v5_1_EP6.prefab using Guid(38445dba8e7dfb6468b70decedc74d1e) Importer(815301076,1909f56bfc062723c751e8b465ee728b)  -> (artifact id: '4784aa2ce0a392ce5628ae0d21cd5202') in 0.024231 seconds 
  Import took 0.030518 seconds .

========================================================================
Received Import Request.
  Time since last request: 0.000463 seconds.
  path: Assets/6.Imports/RPG_FPS_game_assets_industrial/Buildings/Industrial/Hangars/Hangar_v5/Hangar_v5_5.prefab
  artifactKey: Guid(8632b7283e4ce284d8b8cd7c70d079f3) Importer(815301076,1909f56bfc062723c751e8b465ee728b)
Start importing Assets/6.Imports/RPG_FPS_game_assets_industrial/Buildings/Industrial/Hangars/Hangar_v5/Hangar_v5_5.prefab using Guid(8632b7283e4ce284d8b8cd7c70d079f3) Importer(815301076,1909f56bfc062723c751e8b465ee728b)  -> (artifact id: '2f2c890a67a21ab77181f32056a1c6ef') in 0.029428 seconds 
  Import took 0.036323 seconds .

========================================================================
Received Import Request.
  Time since last request: 0.000527 seconds.
  path: Assets/6.Imports/RPG_FPS_game_assets_industrial/Buildings/Industrial/Hangars/Hangar_v5/Hangar_v5_4.prefab
  artifactKey: Guid(75ed0b6c7fece5048ab0086c4c870114) Importer(815301076,1909f56bfc062723c751e8b465ee728b)
Start importing Assets/6.Imports/RPG_FPS_game_assets_industrial/Buildings/Industrial/Hangars/Hangar_v5/Hangar_v5_4.prefab using Guid(75ed0b6c7fece5048ab0086c4c870114) Importer(815301076,1909f56bfc062723c751e8b465ee728b)  -> (artifact id: '452e8c4c2a1ad0e23530773026f713d4') in 0.027409 seconds 
  Import took 0.035133 seconds .

========================================================================
Received Import Request.
  Time since last request: 0.000462 seconds.
  path: Assets/6.Imports/RPG_FPS_game_assets_industrial/Buildings/Industrial/Hangars/Hangar_v5/Hangar_v5_1_TP1.prefab
  artifactKey: Guid(c47f75a8dabccb94eb8a98002a824f0e) Importer(815301076,1909f56bfc062723c751e8b465ee728b)
Start importing Assets/6.Imports/RPG_FPS_game_assets_industrial/Buildings/Industrial/Hangars/Hangar_v5/Hangar_v5_1_TP1.prefab using Guid(c47f75a8dabccb94eb8a98002a824f0e) Importer(815301076,1909f56bfc062723c751e8b465ee728b)  -> (artifact id: '15b95aa3767e472cc975608a348da2e5') in 0.024897 seconds 
  Import took 0.033597 seconds .

========================================================================
Received Import Request.
  Time since last request: 0.000824 seconds.
  path: Assets/6.Imports/RPG_FPS_game_assets_industrial/Buildings/Industrial/Hangars/Hangar_v5/Hangar_v5_1_TP5.prefab
  artifactKey: Guid(495e80434dc231641885379e7345f6a9) Importer(815301076,1909f56bfc062723c751e8b465ee728b)
Start importing Assets/6.Imports/RPG_FPS_game_assets_industrial/Buildings/Industrial/Hangars/Hangar_v5/Hangar_v5_1_TP5.prefab using Guid(495e80434dc231641885379e7345f6a9) Importer(815301076,1909f56bfc062723c751e8b465ee728b)  -> (artifact id: '7f7ecf721fc6944596ce4e6b3e64382f') in 0.028866 seconds 
  Import took 0.036526 seconds .

========================================================================
Received Import Request.
  Time since last request: 0.000535 seconds.
  path: Assets/6.Imports/RPG_FPS_game_assets_industrial/Buildings/Industrial/Hangars/Hangar_v5/Hangar_v5_1_TP4.prefab
  artifactKey: Guid(f14bcacfdbcd52d4983ed427970879d0) Importer(815301076,1909f56bfc062723c751e8b465ee728b)
Start importing Assets/6.Imports/RPG_FPS_game_assets_industrial/Buildings/Industrial/Hangars/Hangar_v5/Hangar_v5_1_TP4.prefab using Guid(f14bcacfdbcd52d4983ed427970879d0) Importer(815301076,1909f56bfc062723c751e8b465ee728b)  -> (artifact id: '4367924b13a0ecc733059fc3e4475314') in 0.027341 seconds 
  Import took 0.034479 seconds .

========================================================================
Received Import Request.
  Time since last request: 0.000392 seconds.
  path: Assets/6.Imports/RPG_FPS_game_assets_industrial/Buildings/Industrial/Hangars/Hangar_v5/Hangar_v5_2.prefab
  artifactKey: Guid(3220490e0e3e41547a4b49caf73f45dc) Importer(815301076,1909f56bfc062723c751e8b465ee728b)
Start importing Assets/6.Imports/RPG_FPS_game_assets_industrial/Buildings/Industrial/Hangars/Hangar_v5/Hangar_v5_2.prefab using Guid(3220490e0e3e41547a4b49caf73f45dc) Importer(815301076,1909f56bfc062723c751e8b465ee728b)  -> (artifact id: 'c4a734a374e28df85d902d97d5ac768f') in 0.027979 seconds 
  Import took 0.033297 seconds .

========================================================================
Received Import Request.
  Time since last request: 0.000459 seconds.
  path: Assets/6.Imports/RPG_FPS_game_assets_industrial/Buildings/Industrial/Hangars/Hangar_v5/Hangar_v5_1_TP8.prefab
  artifactKey: Guid(5b469857c72236c42852e1f3a6b1f440) Importer(815301076,1909f56bfc062723c751e8b465ee728b)
Start importing Assets/6.Imports/RPG_FPS_game_assets_industrial/Buildings/Industrial/Hangars/Hangar_v5/Hangar_v5_1_TP8.prefab using Guid(5b469857c72236c42852e1f3a6b1f440) Importer(815301076,1909f56bfc062723c751e8b465ee728b)  -> (artifact id: '79e22048b82081b882d2f400aed57f45') in 0.027476 seconds 
  Import took 0.033459 seconds .

========================================================================
Received Import Request.
  Time since last request: 0.000455 seconds.
  path: Assets/6.Imports/RPG_FPS_game_assets_industrial/Buildings/Industrial/Hangars/Hangar_v5/Hangar_v5_1_TP6.prefab
  artifactKey: Guid(e1005d5cedf47114081ba0c830a782c2) Importer(815301076,1909f56bfc062723c751e8b465ee728b)
Start importing Assets/6.Imports/RPG_FPS_game_assets_industrial/Buildings/Industrial/Hangars/Hangar_v5/Hangar_v5_1_TP6.prefab using Guid(e1005d5cedf47114081ba0c830a782c2) Importer(815301076,1909f56bfc062723c751e8b465ee728b)  -> (artifact id: '68705b6c0dce46c38980c5315948f84b') in 0.026091 seconds 
  Import took 0.032647 seconds .

========================================================================
Received Import Request.
  Time since last request: 0.000485 seconds.
  path: Assets/6.Imports/RPG_FPS_game_assets_industrial/Buildings/Industrial/Hangars/Hangar_v5/Hangar_v5_3.prefab
  artifactKey: Guid(077e98d2c4c73be4a91f1dc29832b782) Importer(815301076,1909f56bfc062723c751e8b465ee728b)
Start importing Assets/6.Imports/RPG_FPS_game_assets_industrial/Buildings/Industrial/Hangars/Hangar_v5/Hangar_v5_3.prefab using Guid(077e98d2c4c73be4a91f1dc29832b782) Importer(815301076,1909f56bfc062723c751e8b465ee728b)  -> (artifact id: 'ed3cf2adff3f2e9a0fafbf87d114d5aa') in 0.027975 seconds 
  Import took 0.034942 seconds .

========================================================================
Received Import Request.
  Time since last request: 2.886703 seconds.
  path: Assets/6.Imports/RPG_FPS_game_assets_industrial/Buildings/Industrial/Hangars/Hangar_v6
  artifactKey: Guid(fc98b7c0dadb6f2499a08b7b2159a03a) Importer(815301076,1909f56bfc062723c751e8b465ee728b)
Start importing Assets/6.Imports/RPG_FPS_game_assets_industrial/Buildings/Industrial/Hangars/Hangar_v6 using Guid(fc98b7c0dadb6f2499a08b7b2159a03a) Importer(815301076,1909f56bfc062723c751e8b465ee728b)  -> (artifact id: 'a458bdec6ff6a821d3a08d0ac9f98de3') in 0.006368 seconds 
  Import took 0.013316 seconds .

========================================================================
Received Import Request.
  Time since last request: 0.036968 seconds.
  path: Assets/6.Imports/RPG_FPS_game_assets_industrial/Buildings/Industrial/Hangars/Hangar_v6/Hangar_v6_1.prefab
  artifactKey: Guid(b69a894e9ba3d9c40ac239743745cae4) Importer(815301076,1909f56bfc062723c751e8b465ee728b)
Start importing Assets/6.Imports/RPG_FPS_game_assets_industrial/Buildings/Industrial/Hangars/Hangar_v6/Hangar_v6_1.prefab using Guid(b69a894e9ba3d9c40ac239743745cae4) Importer(815301076,1909f56bfc062723c751e8b465ee728b)  -> (artifact id: '273d3974e7192457156fcb909a63d681') in 0.026063 seconds 
  Import took 0.032372 seconds .

========================================================================
Received Import Request.
  Time since last request: 0.000392 seconds.
  path: Assets/6.Imports/RPG_FPS_game_assets_industrial/Buildings/Industrial/Hangars/Hangar_v6/Hangar_v6_4.prefab
  artifactKey: Guid(13080391601abfd43b584ff2173828b0) Importer(815301076,1909f56bfc062723c751e8b465ee728b)
Start importing Assets/6.Imports/RPG_FPS_game_assets_industrial/Buildings/Industrial/Hangars/Hangar_v6/Hangar_v6_4.prefab using Guid(13080391601abfd43b584ff2173828b0) Importer(815301076,1909f56bfc062723c751e8b465ee728b)  -> (artifact id: '288ce8988f8516bf9d38c7beb41cd042') in 0.029773 seconds 
  Import took 0.036472 seconds .

========================================================================
Received Import Request.
  Time since last request: 0.000337 seconds.
  path: Assets/6.Imports/RPG_FPS_game_assets_industrial/Buildings/Industrial/Hangars/Hangar_v6/Hangar_v6_3.prefab
  artifactKey: Guid(ce5c4f1e4d5aba246ac5abe74fb049e7) Importer(815301076,1909f56bfc062723c751e8b465ee728b)
Start importing Assets/6.Imports/RPG_FPS_game_assets_industrial/Buildings/Industrial/Hangars/Hangar_v6/Hangar_v6_3.prefab using Guid(ce5c4f1e4d5aba246ac5abe74fb049e7) Importer(815301076,1909f56bfc062723c751e8b465ee728b)  -> (artifact id: '22d08813db99c2319836ce87fa588a12') in 0.026620 seconds 
  Import took 0.035455 seconds .

========================================================================
Received Import Request.
  Time since last request: 0.000592 seconds.
  path: Assets/6.Imports/RPG_FPS_game_assets_industrial/Buildings/Industrial/Hangars/Hangar_v6/Hangar_v6_2.prefab
  artifactKey: Guid(7c394a3b14ae6c84d89f6a9d6e58156b) Importer(815301076,1909f56bfc062723c751e8b465ee728b)
Start importing Assets/6.Imports/RPG_FPS_game_assets_industrial/Buildings/Industrial/Hangars/Hangar_v6/Hangar_v6_2.prefab using Guid(7c394a3b14ae6c84d89f6a9d6e58156b) Importer(815301076,1909f56bfc062723c751e8b465ee728b)  -> (artifact id: '5df14d532a4b5ccec15c0029ed550061') in 0.029043 seconds 
  Import took 0.036216 seconds .

========================================================================
Received Import Request.
  Time since last request: 121.912926 seconds.
  path: Assets/6.Imports/RPG_FPS_game_assets_industrial/Map_v1
  artifactKey: Guid(94fdc5985e0a94447b36138bdb5bf898) Importer(815301076,1909f56bfc062723c751e8b465ee728b)
Start importing Assets/6.Imports/RPG_FPS_game_assets_industrial/Map_v1 using Guid(94fdc5985e0a94447b36138bdb5bf898) Importer(815301076,1909f56bfc062723c751e8b465ee728b)  -> (artifact id: '298a870b8bd9cb3be5d5f24112df31b3') in 0.015603 seconds 
  Import took 0.022875 seconds .

========================================================================
Received Import Request.
  Time since last request: 0.043587 seconds.
  path: Assets/6.Imports/RPG_FPS_game_assets_industrial/Map_v1/LightingData.asset
  artifactKey: Guid(5c22eb700f4544949b90b5440902dd91) Importer(815301076,1909f56bfc062723c751e8b465ee728b)
Start importing Assets/6.Imports/RPG_FPS_game_assets_industrial/Map_v1/LightingData.asset using Guid(5c22eb700f4544949b90b5440902dd91) Importer(815301076,1909f56bfc062723c751e8b465ee728b)  -> (artifact id: '34abb9838b18ad9be2bcdccab37d4f97') in 0.034209 seconds 
  Import took 0.042021 seconds .

========================================================================
Received Import Request.
  Time since last request: 0.000525 seconds.
  path: Assets/6.Imports/RPG_FPS_game_assets_industrial/Map_v1/ReflectionProbe-0.exr
  artifactKey: Guid(f67125d15885c3c4aafb5fd749cae7c3) Importer(815301076,1909f56bfc062723c751e8b465ee728b)
Start importing Assets/6.Imports/RPG_FPS_game_assets_industrial/Map_v1/ReflectionProbe-0.exr using Guid(f67125d15885c3c4aafb5fd749cae7c3) Importer(815301076,1909f56bfc062723c751e8b465ee728b)  -> (artifact id: '3b9a3624fdac30ccea6c86e6537d013f') in 0.096758 seconds 
  Import took 0.102966 seconds .

========================================================================
Received Import Request.
  Time since last request: 0.000385 seconds.
  path: Assets/6.Imports/RPG_FPS_game_assets_industrial/Map_v1/Lightmap-0_comp_light.exr
  artifactKey: Guid(5c06d26fd58024a4fb4a5a9e8bde8865) Importer(815301076,1909f56bfc062723c751e8b465ee728b)
Start importing Assets/6.Imports/RPG_FPS_game_assets_industrial/Map_v1/Lightmap-0_comp_light.exr using Guid(5c06d26fd58024a4fb4a5a9e8bde8865) Importer(815301076,1909f56bfc062723c751e8b465ee728b)  -> (artifact id: 'eaef73d2e1be1d37dbf05d2912803f36') in 0.099009 seconds 
  Import took 0.106751 seconds .

AssetImportWorkerClient::OnTransportError - code=2 error=End of file
